===================================================================
Input matrix: ../../suitesparse_mats/rgg_n_2_21_s0/rgg_n_2_21_s0.mtx, K=2048, iters=5

=== SpMM full GPU (CSR resident) ===
Matrix: m=2097152, n=2097152, nnz=19317326, K=2048, iters=5
Total SpMM time over 5 iters = 1147.64 ms
Average SpMM time per iter = 229.527 ms

==== SUMMARY ====
End-to-end          = 10077.1 ms
t_csr           = 1666.86 ms
t_gpu_alloc     = 5004.1 ms
t_cpu_alloc     = 1867.28 ms
t_h2d_ms     = 0.727936 ms
t_spmm_ms    = 1147.64 ms
t_d2h_ms       = 116.275 ms

===================================================================
Input matrix: ../../suitesparse_mats/rgg_n_2_21_s0/rgg_n_2_21_s0.mtx, K=2048, iters=5

=== SpMM full GPU (CSR resident) ===
Matrix: m=2097152, n=2097152, nnz=19317326, K=2048, iters=5
Total SpMM time over 5 iters = 1161.5 ms
Average SpMM time per iter = 232.301 ms

==== SUMMARY ====
End-to-end          = 10207.6 ms
t_csr           = 1697.85 ms
t_gpu_alloc     = 5087.03 ms
t_cpu_alloc     = 1869.53 ms
t_h2d_ms     = 0.752224 ms
t_spmm_ms    = 1161.5 ms
t_d2h_ms       = 116.28 ms

===================================================================
Input matrix: ../../suitesparse_mats/rgg_n_2_21_s0/rgg_n_2_21_s0.mtx, K=2048, iters=5

=== SpMM full GPU (CSR resident) ===
Matrix: m=2097152, n=2097152, nnz=19317326, K=2048, iters=5
Total SpMM time over 5 iters = 1162.25 ms
Average SpMM time per iter = 232.45 ms

==== SUMMARY ====
End-to-end          = 10211.2 ms
t_csr           = 1703.45 ms
t_gpu_alloc     = 5091.42 ms
t_cpu_alloc     = 1862.75 ms
t_h2d_ms     = 0.756448 ms
t_spmm_ms    = 1162.25 ms
t_d2h_ms       = 116.276 ms

===================================================================
Input matrix: ../../suitesparse_mats/rgg_n_2_21_s0/rgg_n_2_21_s0.mtx, K=2048, iters=5

=== SpMM full GPU (CSR resident) ===
Matrix: m=2097152, n=2097152, nnz=19317326, K=2048, iters=5
Total SpMM time over 5 iters = 1161.24 ms
Average SpMM time per iter = 232.248 ms

==== SUMMARY ====
End-to-end          = 10219.4 ms
t_csr           = 1704.6 ms
t_gpu_alloc     = 5102.04 ms
t_cpu_alloc     = 1870.1 ms
t_h2d_ms     = 0.748384 ms
t_spmm_ms    = 1161.24 ms
t_d2h_ms       = 116.273 ms

===================================================================
Input matrix: ../../suitesparse_mats/rgg_n_2_21_s0/rgg_n_2_21_s0.mtx, K=2048, iters=5

=== SpMM full GPU (CSR resident) ===
Matrix: m=2097152, n=2097152, nnz=19317326, K=2048, iters=5
Total SpMM time over 5 iters = 1162.18 ms
Average SpMM time per iter = 232.436 ms

==== SUMMARY ====
End-to-end          = 10154.4 ms
t_csr           = 1703.18 ms
t_gpu_alloc     = 5016.43 ms
t_cpu_alloc     = 1878.79 ms
t_h2d_ms     = 1.79347 ms
t_spmm_ms    = 1162.18 ms
t_d2h_ms       = 116.267 ms

