===================================================================
Input matrix: ../../suitesparse_mats/ecology1/ecology1.mtx, K=2048, iters=5

=== SpMM full GPU (CSR resident) ===
Matrix: m=1000000, n=1000000, nnz=4996000, K=2048, iters=5
Total SpMM time over 5 iters = 194.654 ms
Average SpMM time per iter = 38.9307 ms

==== SUMMARY ====
End-to-end          = 4251.73 ms
t_csr           = 452.679 ms
t_gpu_alloc     = 2504.57 ms
t_cpu_alloc     = 908.582 ms
t_h2d_ms     = 0.219936 ms
t_spmm_ms    = 194.654 ms
t_d2h_ms       = 55.3896 ms

===================================================================
Input matrix: ../../suitesparse_mats/ecology1/ecology1.mtx, K=2048, iters=5

=== SpMM full GPU (CSR resident) ===
Matrix: m=1000000, n=1000000, nnz=4996000, K=2048, iters=5
Total SpMM time over 5 iters = 194.581 ms
Average SpMM time per iter = 38.9163 ms

==== SUMMARY ====
End-to-end          = 4257.5 ms
t_csr           = 464.692 ms
t_gpu_alloc     = 2492.1 ms
t_cpu_alloc     = 913.826 ms
t_h2d_ms     = 0.250752 ms
t_spmm_ms    = 194.581 ms
t_d2h_ms       = 55.3812 ms

===================================================================
Input matrix: ../../suitesparse_mats/ecology1/ecology1.mtx, K=2048, iters=5

=== SpMM full GPU (CSR resident) ===
Matrix: m=1000000, n=1000000, nnz=4996000, K=2048, iters=5
Total SpMM time over 5 iters = 194.572 ms
Average SpMM time per iter = 38.9144 ms

==== SUMMARY ====
End-to-end          = 4239.82 ms
t_csr           = 465.56 ms
t_gpu_alloc     = 2498.24 ms
t_cpu_alloc     = 893.765 ms
t_h2d_ms     = 0.245568 ms
t_spmm_ms    = 194.572 ms
t_d2h_ms       = 55.3747 ms

===================================================================
Input matrix: ../../suitesparse_mats/ecology1/ecology1.mtx, K=2048, iters=5

=== SpMM full GPU (CSR resident) ===
Matrix: m=1000000, n=1000000, nnz=4996000, K=2048, iters=5
Total SpMM time over 5 iters = 194.629 ms
Average SpMM time per iter = 38.9258 ms

==== SUMMARY ====
End-to-end          = 4258.52 ms
t_csr           = 463.878 ms
t_gpu_alloc     = 2499.93 ms
t_cpu_alloc     = 909.184 ms
t_h2d_ms     = 0.247168 ms
t_spmm_ms    = 194.629 ms
t_d2h_ms       = 55.3906 ms

===================================================================
Input matrix: ../../suitesparse_mats/ecology1/ecology1.mtx, K=2048, iters=5

=== SpMM full GPU (CSR resident) ===
Matrix: m=1000000, n=1000000, nnz=4996000, K=2048, iters=5
Total SpMM time over 5 iters = 194.608 ms
Average SpMM time per iter = 38.9216 ms

==== SUMMARY ====
End-to-end          = 4273.34 ms
t_csr           = 464.222 ms
t_gpu_alloc     = 2513.19 ms
t_cpu_alloc     = 908.196 ms
t_h2d_ms     = 0.248224 ms
t_spmm_ms    = 194.608 ms
t_d2h_ms       = 55.4044 ms

