===================================================================
Input matrix: ../../suitesparse_mats/rgg_n_2_20_s0/rgg_n_2_20_s0.mtx, K=4096, iters=5

=== SpMM full GPU (CSR resident) ===
Matrix: m=1048576, n=1048576, nnz=9188826, K=4096, iters=5
Total SpMM time over 5 iters = 1024.78 ms
Average SpMM time per iter = 204.956 ms

==== SUMMARY ====
End-to-end          = 9052.79 ms
t_csr           = 769.848 ms
t_gpu_alloc     = 4996.51 ms
t_cpu_alloc     = 1879.66 ms
t_h2d_ms     = 0.386848 ms
t_spmm_ms    = 1024.78 ms
t_d2h_ms       = 116.252 ms

===================================================================
Input matrix: ../../suitesparse_mats/rgg_n_2_20_s0/rgg_n_2_20_s0.mtx, K=4096, iters=5

=== SpMM full GPU (CSR resident) ===
Matrix: m=1048576, n=1048576, nnz=9188826, K=4096, iters=5
Total SpMM time over 5 iters = 1025.02 ms
Average SpMM time per iter = 205.004 ms

==== SUMMARY ====
End-to-end          = 9061.98 ms
t_csr           = 782.3 ms
t_gpu_alloc     = 5003.15 ms
t_cpu_alloc     = 1872.09 ms
t_h2d_ms     = 0.393376 ms
t_spmm_ms    = 1025.02 ms
t_d2h_ms       = 116.251 ms

===================================================================
Input matrix: ../../suitesparse_mats/rgg_n_2_20_s0/rgg_n_2_20_s0.mtx, K=4096, iters=5

=== SpMM full GPU (CSR resident) ===
Matrix: m=1048576, n=1048576, nnz=9188826, K=4096, iters=5
Total SpMM time over 5 iters = 1024.65 ms
Average SpMM time per iter = 204.931 ms

==== SUMMARY ====
End-to-end          = 9060.25 ms
t_csr           = 781.869 ms
t_gpu_alloc     = 4991.55 ms
t_cpu_alloc     = 1873.43 ms
t_h2d_ms     = 0.397568 ms
t_spmm_ms    = 1024.65 ms
t_d2h_ms       = 116.241 ms

===================================================================
Input matrix: ../../suitesparse_mats/rgg_n_2_20_s0/rgg_n_2_20_s0.mtx, K=4096, iters=5

=== SpMM full GPU (CSR resident) ===
Matrix: m=1048576, n=1048576, nnz=9188826, K=4096, iters=5
Total SpMM time over 5 iters = 1025.28 ms
Average SpMM time per iter = 205.055 ms

==== SUMMARY ====
End-to-end          = 9056.21 ms
t_csr           = 781.995 ms
t_gpu_alloc     = 4992.18 ms
t_cpu_alloc     = 1875.86 ms
t_h2d_ms     = 0.39984 ms
t_spmm_ms    = 1025.28 ms
t_d2h_ms       = 116.264 ms

===================================================================
Input matrix: ../../suitesparse_mats/rgg_n_2_20_s0/rgg_n_2_20_s0.mtx, K=4096, iters=5

=== SpMM full GPU (CSR resident) ===
Matrix: m=1048576, n=1048576, nnz=9188826, K=4096, iters=5
Total SpMM time over 5 iters = 1024.79 ms
Average SpMM time per iter = 204.958 ms

==== SUMMARY ====
End-to-end          = 9048.61 ms
t_csr           = 781.716 ms
t_gpu_alloc     = 4987.19 ms
t_cpu_alloc     = 1872.57 ms
t_h2d_ms     = 0.399904 ms
t_spmm_ms    = 1024.79 ms
t_d2h_ms       = 116.265 ms

