===================================================================
Input matrix: ../../suitesparse_mats/ecology1/ecology1.mtx, K=4096, iters=5

=== SpMM full GPU (CSR resident) ===
Matrix: m=1000000, n=1000000, nnz=4996000, K=4096, iters=5
Total SpMM time over 5 iters = 388.847 ms
Average SpMM time per iter = 77.7695 ms

==== SUMMARY ====
End-to-end          = 7772.86 ms
t_csr           = 455.986 ms
t_gpu_alloc     = 4767.38 ms
t_cpu_alloc     = 1797.73 ms
t_h2d_ms     = 0.221312 ms
t_spmm_ms    = 388.847 ms
t_d2h_ms       = 110.847 ms

===================================================================
Input matrix: ../../suitesparse_mats/ecology1/ecology1.mtx, K=4096, iters=5

=== SpMM full GPU (CSR resident) ===
Matrix: m=1000000, n=1000000, nnz=4996000, K=4096, iters=5
Total SpMM time over 5 iters = 388.572 ms
Average SpMM time per iter = 77.7145 ms

==== SUMMARY ====
End-to-end          = 7770.66 ms
t_csr           = 464.459 ms
t_gpu_alloc     = 4766.34 ms
t_cpu_alloc     = 1792.9 ms
t_h2d_ms     = 0.249792 ms
t_spmm_ms    = 388.572 ms
t_d2h_ms       = 110.869 ms

===================================================================
Input matrix: ../../suitesparse_mats/ecology1/ecology1.mtx, K=4096, iters=5

=== SpMM full GPU (CSR resident) ===
Matrix: m=1000000, n=1000000, nnz=4996000, K=4096, iters=5
Total SpMM time over 5 iters = 388.606 ms
Average SpMM time per iter = 77.7211 ms

==== SUMMARY ====
End-to-end          = 7767.76 ms
t_csr           = 464.844 ms
t_gpu_alloc     = 4769.35 ms
t_cpu_alloc     = 1791.08 ms
t_h2d_ms     = 0.248448 ms
t_spmm_ms    = 388.606 ms
t_d2h_ms       = 110.854 ms

===================================================================
Input matrix: ../../suitesparse_mats/ecology1/ecology1.mtx, K=4096, iters=5

=== SpMM full GPU (CSR resident) ===
Matrix: m=1000000, n=1000000, nnz=4996000, K=4096, iters=5
Total SpMM time over 5 iters = 388.47 ms
Average SpMM time per iter = 77.6939 ms

==== SUMMARY ====
End-to-end          = 7763.2 ms
t_csr           = 463.743 ms
t_gpu_alloc     = 4766.72 ms
t_cpu_alloc     = 1790.04 ms
t_h2d_ms     = 0.2528 ms
t_spmm_ms    = 388.47 ms
t_d2h_ms       = 110.878 ms

===================================================================
Input matrix: ../../suitesparse_mats/ecology1/ecology1.mtx, K=4096, iters=5

=== SpMM full GPU (CSR resident) ===
Matrix: m=1000000, n=1000000, nnz=4996000, K=4096, iters=5
Total SpMM time over 5 iters = 388.418 ms
Average SpMM time per iter = 77.6836 ms

==== SUMMARY ====
End-to-end          = 7767.85 ms
t_csr           = 464.637 ms
t_gpu_alloc     = 4767.71 ms
t_cpu_alloc     = 1787.12 ms
t_h2d_ms     = 0.245376 ms
t_spmm_ms    = 388.418 ms
t_d2h_ms       = 110.848 ms

