--- GPU Memory Usage ---
Total GPU Memory: 95.00 GB
Free GPU Memory:  94.44 GB
Used GPU Memory:  0.56 GB
------------------------

Process RSS:  128.36 GB

SPMM OVERLAP STREAM (FP64, CSR resident, K-tiled)
End2End=9088.95 ms
t_cpu_alloc=5468.16 ms
t_gpu_alloc=765.576 ms
t_h2d_ms=182.278 ms
t_d2h_ms=247.697 ms
t_spmm_ms=499.209 ms

--- GPU Memory Usage ---
Total GPU Memory: 95.00 GB
Free GPU Memory:  94.44 GB
Used GPU Memory:  0.56 GB
------------------------

Process RSS:  128.36 GB

SPMM OVERLAP STREAM (FP64, CSR resident, K-tiled)
End2End=9067.77 ms
t_cpu_alloc=5409.09 ms
t_gpu_alloc=763.785 ms
t_h2d_ms=182.605 ms
t_d2h_ms=247.863 ms
t_spmm_ms=498.658 ms

--- GPU Memory Usage ---
Total GPU Memory: 95.00 GB
Free GPU Memory:  94.44 GB
Used GPU Memory:  0.56 GB
------------------------

Process RSS:  128.36 GB

SPMM OVERLAP STREAM (FP64, CSR resident, K-tiled)
End2End=9036.4 ms
t_cpu_alloc=5339.32 ms
t_gpu_alloc=767.315 ms
t_h2d_ms=182.306 ms
t_d2h_ms=247.776 ms
t_spmm_ms=499.259 ms

--- GPU Memory Usage ---
Total GPU Memory: 95.00 GB
Free GPU Memory:  94.44 GB
Used GPU Memory:  0.56 GB
------------------------

Process RSS:  128.36 GB

SPMM OVERLAP STREAM (FP64, CSR resident, K-tiled)
End2End=9186.61 ms
t_cpu_alloc=5524.52 ms
t_gpu_alloc=765.147 ms
t_h2d_ms=182.07 ms
t_d2h_ms=247.797 ms
t_spmm_ms=498.676 ms

--- GPU Memory Usage ---
Total GPU Memory: 95.00 GB
Free GPU Memory:  94.45 GB
Used GPU Memory:  0.55 GB
------------------------

Process RSS:  128.36 GB

SPMM OVERLAP STREAM (FP64, CSR resident, K-tiled)
End2End=9097.04 ms
t_cpu_alloc=5390.64 ms
t_gpu_alloc=766.387 ms
t_h2d_ms=182.329 ms
t_d2h_ms=247.912 ms
t_spmm_ms=499.3 ms

