--- GPU Memory Usage ---
Total GPU Memory: 95.00 GB
Free GPU Memory:  94.46 GB
Used GPU Memory:  0.54 GB
------------------------

Process RSS:  30.71 GB

SPMM OVERLAP STREAM (FP64, CSR resident, K-tiled)
End2End=3214.15 ms
t_cpu_alloc=2119.19 ms
t_gpu_alloc=363.418 ms
t_h2d_ms=84.3658 ms
t_d2h_ms=82.6263 ms
t_spmm_ms=49.7248 ms

--- GPU Memory Usage ---
Total GPU Memory: 95.00 GB
Free GPU Memory:  94.45 GB
Used GPU Memory:  0.55 GB
------------------------

Process RSS:  30.71 GB

SPMM OVERLAP STREAM (FP64, CSR resident, K-tiled)
End2End=3202.59 ms
t_cpu_alloc=2104.62 ms
t_gpu_alloc=362.517 ms
t_h2d_ms=84.2719 ms
t_d2h_ms=82.6816 ms
t_spmm_ms=49.5924 ms

--- GPU Memory Usage ---
Total GPU Memory: 95.00 GB
Free GPU Memory:  94.45 GB
Used GPU Memory:  0.55 GB
------------------------

Process RSS:  30.71 GB

SPMM OVERLAP STREAM (FP64, CSR resident, K-tiled)
End2End=3213.13 ms
t_cpu_alloc=2109.61 ms
t_gpu_alloc=363.545 ms
t_h2d_ms=84.3301 ms
t_d2h_ms=82.5727 ms
t_spmm_ms=49.688 ms

--- GPU Memory Usage ---
Total GPU Memory: 95.00 GB
Free GPU Memory:  94.45 GB
Used GPU Memory:  0.55 GB
------------------------

Process RSS:  30.71 GB

SPMM OVERLAP STREAM (FP64, CSR resident, K-tiled)
End2End=3200.65 ms
t_cpu_alloc=2098.83 ms
t_gpu_alloc=361.464 ms
t_h2d_ms=84.3433 ms
t_d2h_ms=82.7888 ms
t_spmm_ms=49.6355 ms

--- GPU Memory Usage ---
Total GPU Memory: 95.00 GB
Free GPU Memory:  94.45 GB
Used GPU Memory:  0.55 GB
------------------------

Process RSS:  30.71 GB

SPMM OVERLAP STREAM (FP64, CSR resident, K-tiled)
End2End=3215.46 ms
t_cpu_alloc=2112.3 ms
t_gpu_alloc=363.467 ms
t_h2d_ms=84.3293 ms
t_d2h_ms=82.6624 ms
t_spmm_ms=49.6619 ms

