--- GPU Memory Usage ---
Total GPU Memory: 95.00 GB
Free GPU Memory:  94.44 GB
Used GPU Memory:  0.56 GB
------------------------

Process RSS:  64.36 GB

SPMM OVERLAP STREAM (FP64, CSR resident, K-tiled)
End2End=8234.06 ms
t_cpu_alloc=2920.68 ms
t_gpu_alloc=3000.17 ms
t_h2d_ms=109.355 ms
t_d2h_ms=131.861 ms
t_spmm_ms=248.972 ms

--- GPU Memory Usage ---
Total GPU Memory: 95.00 GB
Free GPU Memory:  94.45 GB
Used GPU Memory:  0.55 GB
------------------------

Process RSS:  64.36 GB

SPMM OVERLAP STREAM (FP64, CSR resident, K-tiled)
End2End=8269.35 ms
t_cpu_alloc=2921.49 ms
t_gpu_alloc=2998.54 ms
t_h2d_ms=108.383 ms
t_d2h_ms=131.487 ms
t_spmm_ms=249.725 ms

--- GPU Memory Usage ---
Total GPU Memory: 95.00 GB
Free GPU Memory:  94.45 GB
Used GPU Memory:  0.55 GB
------------------------

Process RSS:  64.36 GB

SPMM OVERLAP STREAM (FP64, CSR resident, K-tiled)
End2End=8168.26 ms
t_cpu_alloc=2794.79 ms
t_gpu_alloc=3009.67 ms
t_h2d_ms=108.444 ms
t_d2h_ms=131.642 ms
t_spmm_ms=248.884 ms

--- GPU Memory Usage ---
Total GPU Memory: 95.00 GB
Free GPU Memory:  94.44 GB
Used GPU Memory:  0.56 GB
------------------------

Process RSS:  64.36 GB

SPMM OVERLAP STREAM (FP64, CSR resident, K-tiled)
End2End=8205.33 ms
t_cpu_alloc=2870.46 ms
t_gpu_alloc=2992.37 ms
t_h2d_ms=108.193 ms
t_d2h_ms=131.493 ms
t_spmm_ms=249.647 ms

--- GPU Memory Usage ---
Total GPU Memory: 95.00 GB
Free GPU Memory:  94.44 GB
Used GPU Memory:  0.56 GB
------------------------

Process RSS:  64.36 GB

SPMM OVERLAP STREAM (FP64, CSR resident, K-tiled)
End2End=8225.53 ms
t_cpu_alloc=2864.48 ms
t_gpu_alloc=2998.2 ms
t_h2d_ms=109.129 ms
t_d2h_ms=131.877 ms
t_spmm_ms=248.837 ms

