--- GPU Memory Usage ---
Total GPU Memory: 95.00 GB
Free GPU Memory:  94.43 GB
Used GPU Memory:  0.57 GB
------------------------

Process RSS:  130.39 GB

SPMM OVERLAP STREAM (FP64, CSR resident, K-tiled)
End2End=50443 ms
t_cpu_alloc=5413.42 ms
t_gpu_alloc=6169.33 ms
t_h2d_ms=181.429 ms
t_d2h_ms=241.042 ms
t_spmm_ms=1902.74 ms

--- GPU Memory Usage ---
Total GPU Memory: 95.00 GB
Free GPU Memory:  94.44 GB
Used GPU Memory:  0.56 GB
------------------------

Process RSS:  130.39 GB

SPMM OVERLAP STREAM (FP64, CSR resident, K-tiled)
End2End=50540.1 ms
t_cpu_alloc=5389.24 ms
t_gpu_alloc=6169.88 ms
t_h2d_ms=181.635 ms
t_d2h_ms=241.056 ms
t_spmm_ms=1903.27 ms

--- GPU Memory Usage ---
Total GPU Memory: 95.00 GB
Free GPU Memory:  94.44 GB
Used GPU Memory:  0.56 GB
------------------------

Process RSS:  130.39 GB

SPMM OVERLAP STREAM (FP64, CSR resident, K-tiled)
End2End=50649.6 ms
t_cpu_alloc=5477.23 ms
t_gpu_alloc=6161.31 ms
t_h2d_ms=181.588 ms
t_d2h_ms=241.046 ms
t_spmm_ms=1902.95 ms

--- GPU Memory Usage ---
Total GPU Memory: 95.00 GB
Free GPU Memory:  94.44 GB
Used GPU Memory:  0.56 GB
------------------------

Process RSS:  130.39 GB

SPMM OVERLAP STREAM (FP64, CSR resident, K-tiled)
End2End=50537.7 ms
t_cpu_alloc=5368.61 ms
t_gpu_alloc=6180.67 ms
t_h2d_ms=181.594 ms
t_d2h_ms=241.045 ms
t_spmm_ms=1903.29 ms

--- GPU Memory Usage ---
Total GPU Memory: 95.00 GB
Free GPU Memory:  94.44 GB
Used GPU Memory:  0.56 GB
------------------------

Process RSS:  130.39 GB

SPMM OVERLAP STREAM (FP64, CSR resident, K-tiled)
End2End=49821.8 ms
t_cpu_alloc=5360.85 ms
t_gpu_alloc=6182.27 ms
t_h2d_ms=181.169 ms
t_d2h_ms=241.07 ms
t_spmm_ms=1902.81 ms

