--- GPU Memory Usage ---
Total GPU Memory: 95.00 GB
Free GPU Memory:  94.44 GB
Used GPU Memory:  0.56 GB
------------------------

Process RSS:  128.24 GB

SPMM OVERLAP STREAM (FP64, CSR resident, K-tiled)
End2End=8899.65 ms
t_cpu_alloc=5436.47 ms
t_gpu_alloc=1501.78 ms
t_h2d_ms=194.664 ms
t_d2h_ms=255.127 ms
t_spmm_ms=440.053 ms

--- GPU Memory Usage ---
Total GPU Memory: 95.00 GB
Free GPU Memory:  94.44 GB
Used GPU Memory:  0.56 GB
------------------------

Process RSS:  128.24 GB

SPMM OVERLAP STREAM (FP64, CSR resident, K-tiled)
End2End=8790.97 ms
t_cpu_alloc=5327.7 ms
t_gpu_alloc=1501.31 ms
t_h2d_ms=193.951 ms
t_d2h_ms=255.06 ms
t_spmm_ms=440.204 ms

--- GPU Memory Usage ---
Total GPU Memory: 95.00 GB
Free GPU Memory:  94.44 GB
Used GPU Memory:  0.56 GB
------------------------

Process RSS:  128.24 GB

SPMM OVERLAP STREAM (FP64, CSR resident, K-tiled)
End2End=8858.7 ms
t_cpu_alloc=5388.29 ms
t_gpu_alloc=1501.81 ms
t_h2d_ms=193.809 ms
t_d2h_ms=255.095 ms
t_spmm_ms=440.174 ms

--- GPU Memory Usage ---
Total GPU Memory: 95.00 GB
Free GPU Memory:  94.44 GB
Used GPU Memory:  0.56 GB
------------------------

Process RSS:  128.24 GB

SPMM OVERLAP STREAM (FP64, CSR resident, K-tiled)
End2End=8804.18 ms
t_cpu_alloc=5363 ms
t_gpu_alloc=1501.25 ms
t_h2d_ms=194.694 ms
t_d2h_ms=255.032 ms
t_spmm_ms=440.402 ms

--- GPU Memory Usage ---
Total GPU Memory: 95.00 GB
Free GPU Memory:  94.44 GB
Used GPU Memory:  0.56 GB
------------------------

Process RSS:  128.24 GB

SPMM OVERLAP STREAM (FP64, CSR resident, K-tiled)
End2End=8864.93 ms
t_cpu_alloc=5391.28 ms
t_gpu_alloc=1503.07 ms
t_h2d_ms=194.056 ms
t_d2h_ms=255.1 ms
t_spmm_ms=440.253 ms

