--- GPU Memory Usage ---
Total GPU Memory: 95.00 GB
Free GPU Memory:  94.43 GB
Used GPU Memory:  0.57 GB
------------------------

Process RSS:  130.39 GB

SPMM OVERLAP STREAM (FP64, CSR resident, K-tiled)
End2End=46388 ms
t_cpu_alloc=5372.76 ms
t_gpu_alloc=1759.41 ms
t_h2d_ms=181.031 ms
t_d2h_ms=241.295 ms
t_spmm_ms=1907.03 ms

--- GPU Memory Usage ---
Total GPU Memory: 95.00 GB
Free GPU Memory:  94.43 GB
Used GPU Memory:  0.57 GB
------------------------

Process RSS:  130.39 GB

SPMM OVERLAP STREAM (FP64, CSR resident, K-tiled)
End2End=46048.2 ms
t_cpu_alloc=5344.63 ms
t_gpu_alloc=1763.63 ms
t_h2d_ms=181.33 ms
t_d2h_ms=241.293 ms
t_spmm_ms=1906.57 ms

--- GPU Memory Usage ---
Total GPU Memory: 95.00 GB
Free GPU Memory:  94.43 GB
Used GPU Memory:  0.57 GB
------------------------

Process RSS:  130.39 GB

SPMM OVERLAP STREAM (FP64, CSR resident, K-tiled)
End2End=46019.8 ms
t_cpu_alloc=5356.86 ms
t_gpu_alloc=1755.43 ms
t_h2d_ms=181.533 ms
t_d2h_ms=241.303 ms
t_spmm_ms=1906.84 ms

--- GPU Memory Usage ---
Total GPU Memory: 95.00 GB
Free GPU Memory:  94.44 GB
Used GPU Memory:  0.56 GB
------------------------

Process RSS:  130.39 GB

SPMM OVERLAP STREAM (FP64, CSR resident, K-tiled)
End2End=46038 ms
t_cpu_alloc=5371.3 ms
t_gpu_alloc=1755.05 ms
t_h2d_ms=181.151 ms
t_d2h_ms=241.319 ms
t_spmm_ms=1906.77 ms

--- GPU Memory Usage ---
Total GPU Memory: 95.00 GB
Free GPU Memory:  94.43 GB
Used GPU Memory:  0.57 GB
------------------------

Process RSS:  130.39 GB

SPMM OVERLAP STREAM (FP64, CSR resident, K-tiled)
End2End=46062.3 ms
t_cpu_alloc=5384.6 ms
t_gpu_alloc=1751.96 ms
t_h2d_ms=181.035 ms
t_d2h_ms=241.294 ms
t_spmm_ms=1906.9 ms

