--- GPU Memory Usage ---
Total GPU Memory: 95.00 GB
Free GPU Memory:  94.44 GB
Used GPU Memory:  0.56 GB
------------------------

Process RSS:  263.28 GB

SPMM OVERLAP STREAM (FP64, CSR resident, K-tiled)
End2End=15556.5 ms
t_cpu_alloc=10974.4 ms
t_gpu_alloc=1492.63 ms
t_h2d_ms=375.764 ms
t_d2h_ms=513.15 ms
t_spmm_ms=901.295 ms

--- GPU Memory Usage ---
Total GPU Memory: 95.00 GB
Free GPU Memory:  94.44 GB
Used GPU Memory:  0.56 GB
------------------------

Process RSS:  263.28 GB

SPMM OVERLAP STREAM (FP64, CSR resident, K-tiled)
End2End=15601.2 ms
t_cpu_alloc=11061.5 ms
t_gpu_alloc=1493.3 ms
t_h2d_ms=375.509 ms
t_d2h_ms=513.043 ms
t_spmm_ms=901.502 ms

--- GPU Memory Usage ---
Total GPU Memory: 95.00 GB
Free GPU Memory:  94.44 GB
Used GPU Memory:  0.56 GB
------------------------

Process RSS:  263.28 GB

SPMM OVERLAP STREAM (FP64, CSR resident, K-tiled)
End2End=15560.6 ms
t_cpu_alloc=10944.2 ms
t_gpu_alloc=1494.89 ms
t_h2d_ms=375.112 ms
t_d2h_ms=513.121 ms
t_spmm_ms=901.257 ms

--- GPU Memory Usage ---
Total GPU Memory: 95.00 GB
Free GPU Memory:  94.44 GB
Used GPU Memory:  0.56 GB
------------------------

Process RSS:  263.28 GB

SPMM OVERLAP STREAM (FP64, CSR resident, K-tiled)
End2End=15469.6 ms
t_cpu_alloc=10868.9 ms
t_gpu_alloc=1492.16 ms
t_h2d_ms=375.863 ms
t_d2h_ms=513.111 ms
t_spmm_ms=901.29 ms

--- GPU Memory Usage ---
Total GPU Memory: 95.00 GB
Free GPU Memory:  94.44 GB
Used GPU Memory:  0.56 GB
------------------------

Process RSS:  263.28 GB

SPMM OVERLAP STREAM (FP64, CSR resident, K-tiled)
End2End=15538.1 ms
t_cpu_alloc=10911.1 ms
t_gpu_alloc=1502.82 ms
t_h2d_ms=376.645 ms
t_d2h_ms=513.169 ms
t_spmm_ms=901.431 ms

