--- GPU Memory Usage ---
Total GPU Memory: 95.00 GB
Free GPU Memory:  94.44 GB
Used GPU Memory:  0.56 GB
------------------------

Process RSS:  128.24 GB

SPMM OVERLAP STREAM (FP64, CSR resident, K-tiled)
End2End=7734.76 ms
t_cpu_alloc=5426.71 ms
t_gpu_alloc=382.558 ms
t_h2d_ms=181.636 ms
t_d2h_ms=248.589 ms
t_spmm_ms=442.858 ms

--- GPU Memory Usage ---
Total GPU Memory: 95.00 GB
Free GPU Memory:  94.44 GB
Used GPU Memory:  0.56 GB
------------------------

Process RSS:  128.24 GB

SPMM OVERLAP STREAM (FP64, CSR resident, K-tiled)
End2End=7654.93 ms
t_cpu_alloc=5325.38 ms
t_gpu_alloc=384.732 ms
t_h2d_ms=181.239 ms
t_d2h_ms=248.456 ms
t_spmm_ms=442.658 ms

--- GPU Memory Usage ---
Total GPU Memory: 95.00 GB
Free GPU Memory:  94.44 GB
Used GPU Memory:  0.56 GB
------------------------

Process RSS:  128.24 GB

SPMM OVERLAP STREAM (FP64, CSR resident, K-tiled)
End2End=7720.25 ms
t_cpu_alloc=5408.85 ms
t_gpu_alloc=382.04 ms
t_h2d_ms=181.74 ms
t_d2h_ms=248.229 ms
t_spmm_ms=443.003 ms

--- GPU Memory Usage ---
Total GPU Memory: 95.00 GB
Free GPU Memory:  94.44 GB
Used GPU Memory:  0.56 GB
------------------------

Process RSS:  128.24 GB

SPMM OVERLAP STREAM (FP64, CSR resident, K-tiled)
End2End=7705.03 ms
t_cpu_alloc=5392.88 ms
t_gpu_alloc=384.203 ms
t_h2d_ms=181.158 ms
t_d2h_ms=248.402 ms
t_spmm_ms=442.527 ms

--- GPU Memory Usage ---
Total GPU Memory: 95.00 GB
Free GPU Memory:  94.44 GB
Used GPU Memory:  0.56 GB
------------------------

Process RSS:  128.24 GB

SPMM OVERLAP STREAM (FP64, CSR resident, K-tiled)
End2End=7738.58 ms
t_cpu_alloc=5435.34 ms
t_gpu_alloc=382.456 ms
t_h2d_ms=180.502 ms
t_d2h_ms=248.251 ms
t_spmm_ms=442.971 ms

