--- GPU Memory Usage ---
Total GPU Memory: 95.00 GB
Free GPU Memory:  94.45 GB
Used GPU Memory:  0.55 GB
------------------------

Process RSS:  256.36 GB

SPMM OVERLAP STREAM (FP64, CSR resident, K-tiled)
End2End=15127.9 ms
t_cpu_alloc=10393.3 ms
t_gpu_alloc=761.83 ms
t_h2d_ms=352.406 ms
t_d2h_ms=491.998 ms
t_spmm_ms=994.897 ms

--- GPU Memory Usage ---
Total GPU Memory: 95.00 GB
Free GPU Memory:  94.45 GB
Used GPU Memory:  0.55 GB
------------------------

Process RSS:  256.35 GB

SPMM OVERLAP STREAM (FP64, CSR resident, K-tiled)
End2End=15280.4 ms
t_cpu_alloc=10483.5 ms
t_gpu_alloc=763.904 ms
t_h2d_ms=351.872 ms
t_d2h_ms=492.211 ms
t_spmm_ms=996.057 ms

--- GPU Memory Usage ---
Total GPU Memory: 95.00 GB
Free GPU Memory:  94.46 GB
Used GPU Memory:  0.54 GB
------------------------

Process RSS:  256.36 GB

SPMM OVERLAP STREAM (FP64, CSR resident, K-tiled)
End2End=15513.5 ms
t_cpu_alloc=10718.4 ms
t_gpu_alloc=765.821 ms
t_h2d_ms=352.293 ms
t_d2h_ms=492.084 ms
t_spmm_ms=995.018 ms

--- GPU Memory Usage ---
Total GPU Memory: 95.00 GB
Free GPU Memory:  94.45 GB
Used GPU Memory:  0.55 GB
------------------------

Process RSS:  256.36 GB

SPMM OVERLAP STREAM (FP64, CSR resident, K-tiled)
End2End=15261.6 ms
t_cpu_alloc=10434.3 ms
t_gpu_alloc=763.057 ms
t_h2d_ms=352.533 ms
t_d2h_ms=492.021 ms
t_spmm_ms=995.843 ms

--- GPU Memory Usage ---
Total GPU Memory: 95.00 GB
Free GPU Memory:  94.45 GB
Used GPU Memory:  0.55 GB
------------------------

Process RSS:  256.36 GB

SPMM OVERLAP STREAM (FP64, CSR resident, K-tiled)
End2End=15448 ms
t_cpu_alloc=10598 ms
t_gpu_alloc=768.777 ms
t_h2d_ms=352.157 ms
t_d2h_ms=492.116 ms
t_spmm_ms=995.009 ms

