--- GPU Memory Usage ---
Total GPU Memory: 95.00 GB
Free GPU Memory:  94.44 GB
Used GPU Memory:  0.56 GB
------------------------

Process RSS:  64.36 GB

SPMM OVERLAP STREAM (FP64, CSR resident, K-tiled)
End2End=5964.93 ms
t_cpu_alloc=2907.25 ms
t_gpu_alloc=767.196 ms
t_h2d_ms=96.6929 ms
t_d2h_ms=125.648 ms
t_spmm_ms=251.461 ms

--- GPU Memory Usage ---
Total GPU Memory: 95.00 GB
Free GPU Memory:  94.45 GB
Used GPU Memory:  0.55 GB
------------------------

Process RSS:  64.36 GB

SPMM OVERLAP STREAM (FP64, CSR resident, K-tiled)
End2End=5934.28 ms
t_cpu_alloc=2865.99 ms
t_gpu_alloc=763.213 ms
t_h2d_ms=96.7066 ms
t_d2h_ms=125.586 ms
t_spmm_ms=251.322 ms

--- GPU Memory Usage ---
Total GPU Memory: 95.00 GB
Free GPU Memory:  94.44 GB
Used GPU Memory:  0.56 GB
------------------------

Process RSS:  64.36 GB

SPMM OVERLAP STREAM (FP64, CSR resident, K-tiled)
End2End=6014.38 ms
t_cpu_alloc=2926.37 ms
t_gpu_alloc=767.427 ms
t_h2d_ms=96.5235 ms
t_d2h_ms=125.459 ms
t_spmm_ms=251.343 ms

--- GPU Memory Usage ---
Total GPU Memory: 95.00 GB
Free GPU Memory:  94.44 GB
Used GPU Memory:  0.56 GB
------------------------

Process RSS:  64.36 GB

SPMM OVERLAP STREAM (FP64, CSR resident, K-tiled)
End2End=5969.38 ms
t_cpu_alloc=2899.65 ms
t_gpu_alloc=764.046 ms
t_h2d_ms=96.5988 ms
t_d2h_ms=125.497 ms
t_spmm_ms=251.164 ms

--- GPU Memory Usage ---
Total GPU Memory: 95.00 GB
Free GPU Memory:  94.44 GB
Used GPU Memory:  0.56 GB
------------------------

Process RSS:  64.36 GB

SPMM OVERLAP STREAM (FP64, CSR resident, K-tiled)
End2End=5997.95 ms
t_cpu_alloc=2911.02 ms
t_gpu_alloc=766.501 ms
t_h2d_ms=96.8546 ms
t_d2h_ms=125.476 ms
t_spmm_ms=251.525 ms

