--- GPU Memory Usage ---
Total GPU Memory: 95.00 GB
Free GPU Memory:  26.72 GB
Used GPU Memory:  68.28 GB
------------------------

Process RSS:  510.08 GB

SPMM OVERLAP STREAM (FP64, CSR resident, K-tiled)
End2End=72114.3 ms
t_cpu_alloc=24537.5 ms
t_gpu_alloc=1750.69 ms
t_h2d_ms=685.705 ms
t_d2h_ms=948.562 ms
t_spmm_ms=7626.49 ms

--- GPU Memory Usage ---
Total GPU Memory: 95.00 GB
Free GPU Memory:  26.04 GB
Used GPU Memory:  68.96 GB
------------------------

Process RSS:  510.08 GB

SPMM OVERLAP STREAM (FP64, CSR resident, K-tiled)
End2End=72077 ms
t_cpu_alloc=24499.4 ms
t_gpu_alloc=1762.99 ms
t_h2d_ms=686.254 ms
t_d2h_ms=948.036 ms
t_spmm_ms=7621.7 ms

--- GPU Memory Usage ---
Total GPU Memory: 95.00 GB
Free GPU Memory:  26.09 GB
Used GPU Memory:  68.91 GB
------------------------

Process RSS:  510.08 GB

SPMM OVERLAP STREAM (FP64, CSR resident, K-tiled)
End2End=72498.1 ms
t_cpu_alloc=24710 ms
t_gpu_alloc=1762.77 ms
t_h2d_ms=686.37 ms
t_d2h_ms=948.574 ms
t_spmm_ms=7625.83 ms

--- GPU Memory Usage ---
Total GPU Memory: 95.00 GB
Free GPU Memory:  26.10 GB
Used GPU Memory:  68.90 GB
------------------------

Process RSS:  510.08 GB

SPMM OVERLAP STREAM (FP64, CSR resident, K-tiled)
End2End=72399.8 ms
t_cpu_alloc=24774.2 ms
t_gpu_alloc=1762.08 ms
t_h2d_ms=685.873 ms
t_d2h_ms=948.356 ms
t_spmm_ms=7622.14 ms

--- GPU Memory Usage ---
Total GPU Memory: 95.00 GB
Free GPU Memory:  26.13 GB
Used GPU Memory:  68.87 GB
------------------------

Process RSS:  510.08 GB

SPMM OVERLAP STREAM (FP64, CSR resident, K-tiled)
End2End=72538.2 ms
t_cpu_alloc=24807.5 ms
t_gpu_alloc=1765.9 ms
t_h2d_ms=685.225 ms
t_d2h_ms=948.388 ms
t_spmm_ms=7625.26 ms

