--- GPU Memory Usage ---
Total GPU Memory: 95.00 GB
Free GPU Memory:  94.45 GB
Used GPU Memory:  0.55 GB
------------------------

Process RSS:  122.27 GB

SPMM OVERLAP STREAM (FP64, CSR resident, K-tiled)
End2End=7061.43 ms
t_cpu_alloc=5209.64 ms
t_gpu_alloc=363.564 ms
t_h2d_ms=334.506 ms
t_d2h_ms=328.91 ms
t_spmm_ms=188.247 ms

--- GPU Memory Usage ---
Total GPU Memory: 95.00 GB
Free GPU Memory:  94.45 GB
Used GPU Memory:  0.55 GB
------------------------

Process RSS:  122.27 GB

SPMM OVERLAP STREAM (FP64, CSR resident, K-tiled)
End2End=7031.33 ms
t_cpu_alloc=5181 ms
t_gpu_alloc=363.821 ms
t_h2d_ms=334.477 ms
t_d2h_ms=328.973 ms
t_spmm_ms=188.312 ms

--- GPU Memory Usage ---
Total GPU Memory: 95.00 GB
Free GPU Memory:  94.45 GB
Used GPU Memory:  0.55 GB
------------------------

Process RSS:  122.27 GB

SPMM OVERLAP STREAM (FP64, CSR resident, K-tiled)
End2End=6996.61 ms
t_cpu_alloc=5153.3 ms
t_gpu_alloc=363.817 ms
t_h2d_ms=334.371 ms
t_d2h_ms=329.093 ms
t_spmm_ms=188.283 ms

--- GPU Memory Usage ---
Total GPU Memory: 95.00 GB
Free GPU Memory:  94.45 GB
Used GPU Memory:  0.55 GB
------------------------

Process RSS:  122.27 GB

SPMM OVERLAP STREAM (FP64, CSR resident, K-tiled)
End2End=6897.75 ms
t_cpu_alloc=5096.14 ms
t_gpu_alloc=362.351 ms
t_h2d_ms=334.485 ms
t_d2h_ms=329.085 ms
t_spmm_ms=188.466 ms

--- GPU Memory Usage ---
Total GPU Memory: 95.00 GB
Free GPU Memory:  94.46 GB
Used GPU Memory:  0.54 GB
------------------------

Process RSS:  122.27 GB

SPMM OVERLAP STREAM (FP64, CSR resident, K-tiled)
End2End=6953.56 ms
t_cpu_alloc=5108.44 ms
t_gpu_alloc=362.553 ms
t_h2d_ms=334.424 ms
t_d2h_ms=328.926 ms
t_spmm_ms=188.299 ms

