--- GPU Memory Usage ---
Total GPU Memory: 95.00 GB
Free GPU Memory:  94.45 GB
Used GPU Memory:  0.55 GB
------------------------

Process RSS:  251.05 GB

SPMM OVERLAP STREAM (FP64, CSR resident, K-tiled)
End2End=13301.9 ms
t_cpu_alloc=10434.8 ms
t_gpu_alloc=363.106 ms
t_h2d_ms=686.364 ms
t_d2h_ms=676.16 ms
t_spmm_ms=383.27 ms

--- GPU Memory Usage ---
Total GPU Memory: 95.00 GB
Free GPU Memory:  94.45 GB
Used GPU Memory:  0.55 GB
------------------------

Process RSS:  251.05 GB

SPMM OVERLAP STREAM (FP64, CSR resident, K-tiled)
End2End=13234.2 ms
t_cpu_alloc=10313.7 ms
t_gpu_alloc=363.519 ms
t_h2d_ms=686.496 ms
t_d2h_ms=676.043 ms
t_spmm_ms=383.259 ms

--- GPU Memory Usage ---
Total GPU Memory: 95.00 GB
Free GPU Memory:  94.45 GB
Used GPU Memory:  0.55 GB
------------------------

Process RSS:  251.05 GB

SPMM OVERLAP STREAM (FP64, CSR resident, K-tiled)
End2End=13220.8 ms
t_cpu_alloc=10357.1 ms
t_gpu_alloc=362.785 ms
t_h2d_ms=686.316 ms
t_d2h_ms=676.133 ms
t_spmm_ms=383.439 ms

--- GPU Memory Usage ---
Total GPU Memory: 95.00 GB
Free GPU Memory:  94.45 GB
Used GPU Memory:  0.55 GB
------------------------

Process RSS:  251.05 GB

SPMM OVERLAP STREAM (FP64, CSR resident, K-tiled)
End2End=13317.3 ms
t_cpu_alloc=10459.4 ms
t_gpu_alloc=362.218 ms
t_h2d_ms=686.481 ms
t_d2h_ms=676.117 ms
t_spmm_ms=383.468 ms

--- GPU Memory Usage ---
Total GPU Memory: 95.00 GB
Free GPU Memory:  94.45 GB
Used GPU Memory:  0.55 GB
------------------------

Process RSS:  251.05 GB

SPMM OVERLAP STREAM (FP64, CSR resident, K-tiled)
End2End=13245 ms
t_cpu_alloc=10338.2 ms
t_gpu_alloc=364.103 ms
t_h2d_ms=686.705 ms
t_d2h_ms=676.169 ms
t_spmm_ms=383.172 ms

