--- GPU Memory Usage ---
Total GPU Memory: 95.00 GB
Free GPU Memory:  94.44 GB
Used GPU Memory:  0.56 GB
------------------------

Process RSS:  263.28 GB

SPMM OVERLAP STREAM (FP64, CSR resident, K-tiled)
End2End=14541.4 ms
t_cpu_alloc=11033.7 ms
t_gpu_alloc=381.67 ms
t_h2d_ms=361.721 ms
t_d2h_ms=506.84 ms
t_spmm_ms=905.02 ms

--- GPU Memory Usage ---
Total GPU Memory: 95.00 GB
Free GPU Memory:  94.43 GB
Used GPU Memory:  0.57 GB
------------------------

Process RSS:  263.28 GB

SPMM OVERLAP STREAM (FP64, CSR resident, K-tiled)
End2End=14446.7 ms
t_cpu_alloc=10893.4 ms
t_gpu_alloc=383.793 ms
t_h2d_ms=361.036 ms
t_d2h_ms=506.668 ms
t_spmm_ms=906.385 ms

--- GPU Memory Usage ---
Total GPU Memory: 95.00 GB
Free GPU Memory:  94.43 GB
Used GPU Memory:  0.57 GB
------------------------

Process RSS:  263.28 GB

SPMM OVERLAP STREAM (FP64, CSR resident, K-tiled)
End2End=14502.4 ms
t_cpu_alloc=11018.7 ms
t_gpu_alloc=383.485 ms
t_h2d_ms=362.933 ms
t_d2h_ms=506.714 ms
t_spmm_ms=904.926 ms

--- GPU Memory Usage ---
Total GPU Memory: 95.00 GB
Free GPU Memory:  94.43 GB
Used GPU Memory:  0.57 GB
------------------------

Process RSS:  263.28 GB

SPMM OVERLAP STREAM (FP64, CSR resident, K-tiled)
End2End=14469.9 ms
t_cpu_alloc=10977.9 ms
t_gpu_alloc=381.902 ms
t_h2d_ms=361.899 ms
t_d2h_ms=506.997 ms
t_spmm_ms=906.776 ms

--- GPU Memory Usage ---
Total GPU Memory: 95.00 GB
Free GPU Memory:  94.43 GB
Used GPU Memory:  0.57 GB
------------------------

Process RSS:  263.28 GB

SPMM OVERLAP STREAM (FP64, CSR resident, K-tiled)
End2End=14379.4 ms
t_cpu_alloc=10837.9 ms
t_gpu_alloc=383.434 ms
t_h2d_ms=363.344 ms
t_d2h_ms=507.018 ms
t_spmm_ms=905.552 ms

