--- GPU Memory Usage ---
Total GPU Memory: 95.00 GB
Free GPU Memory:  94.44 GB
Used GPU Memory:  0.56 GB
------------------------

Process RSS:  32.25 GB

SPMM OVERLAP STREAM (FP64, CSR resident, K-tiled)
End2End=4115.63 ms
t_cpu_alloc=1518.41 ms
t_gpu_alloc=1496.22 ms
t_h2d_ms=64.3434 ms
t_d2h_ms=71.3645 ms
t_spmm_ms=112.139 ms

--- GPU Memory Usage ---
Total GPU Memory: 95.00 GB
Free GPU Memory:  94.44 GB
Used GPU Memory:  0.56 GB
------------------------

Process RSS:  32.25 GB

SPMM OVERLAP STREAM (FP64, CSR resident, K-tiled)
End2End=4132.61 ms
t_cpu_alloc=1524.43 ms
t_gpu_alloc=1499.06 ms
t_h2d_ms=64.6972 ms
t_d2h_ms=71.6248 ms
t_spmm_ms=112.13 ms

--- GPU Memory Usage ---
Total GPU Memory: 95.00 GB
Free GPU Memory:  94.44 GB
Used GPU Memory:  0.56 GB
------------------------

Process RSS:  32.25 GB

SPMM OVERLAP STREAM (FP64, CSR resident, K-tiled)
End2End=4126.24 ms
t_cpu_alloc=1523.41 ms
t_gpu_alloc=1500.93 ms
t_h2d_ms=64.2816 ms
t_d2h_ms=71.3661 ms
t_spmm_ms=112.256 ms

--- GPU Memory Usage ---
Total GPU Memory: 95.00 GB
Free GPU Memory:  94.44 GB
Used GPU Memory:  0.56 GB
------------------------

Process RSS:  32.25 GB

SPMM OVERLAP STREAM (FP64, CSR resident, K-tiled)
End2End=4124.35 ms
t_cpu_alloc=1517.47 ms
t_gpu_alloc=1498.21 ms
t_h2d_ms=64.423 ms
t_d2h_ms=71.3781 ms
t_spmm_ms=112.227 ms

--- GPU Memory Usage ---
Total GPU Memory: 95.00 GB
Free GPU Memory:  94.44 GB
Used GPU Memory:  0.56 GB
------------------------

Process RSS:  32.25 GB

SPMM OVERLAP STREAM (FP64, CSR resident, K-tiled)
End2End=4104.43 ms
t_cpu_alloc=1511.84 ms
t_gpu_alloc=1493.88 ms
t_h2d_ms=64.6537 ms
t_d2h_ms=71.4685 ms
t_spmm_ms=112.15 ms

