--- GPU Memory Usage ---
Total GPU Memory: 95.00 GB
Free GPU Memory:  94.44 GB
Used GPU Memory:  0.56 GB
------------------------

Process RSS:  256.95 GB

SPMM OVERLAP STREAM (FP64, CSR resident, K-tiled)
End2End=53639.1 ms
t_cpu_alloc=10488 ms
t_gpu_alloc=1762.04 ms
t_h2d_ms=349.698 ms
t_d2h_ms=483.024 ms
t_spmm_ms=3812.31 ms

--- GPU Memory Usage ---
Total GPU Memory: 95.00 GB
Free GPU Memory:  94.44 GB
Used GPU Memory:  0.56 GB
------------------------

Process RSS:  256.95 GB

SPMM OVERLAP STREAM (FP64, CSR resident, K-tiled)
End2End=52998.8 ms
t_cpu_alloc=10395.8 ms
t_gpu_alloc=1762.51 ms
t_h2d_ms=350.469 ms
t_d2h_ms=482.979 ms
t_spmm_ms=3810.61 ms

--- GPU Memory Usage ---
Total GPU Memory: 95.00 GB
Free GPU Memory:  94.45 GB
Used GPU Memory:  0.55 GB
------------------------

Process RSS:  256.95 GB

SPMM OVERLAP STREAM (FP64, CSR resident, K-tiled)
End2End=52864 ms
t_cpu_alloc=10417.6 ms
t_gpu_alloc=1750.5 ms
t_h2d_ms=350.666 ms
t_d2h_ms=482.997 ms
t_spmm_ms=3811.83 ms

--- GPU Memory Usage ---
Total GPU Memory: 95.00 GB
Free GPU Memory:  94.45 GB
Used GPU Memory:  0.55 GB
------------------------

Process RSS:  256.95 GB

SPMM OVERLAP STREAM (FP64, CSR resident, K-tiled)
End2End=52965.8 ms
t_cpu_alloc=10438.1 ms
t_gpu_alloc=1767.55 ms
t_h2d_ms=349.987 ms
t_d2h_ms=482.91 ms
t_spmm_ms=3810.52 ms

--- GPU Memory Usage ---
Total GPU Memory: 95.00 GB
Free GPU Memory:  94.44 GB
Used GPU Memory:  0.56 GB
------------------------

Process RSS:  256.95 GB

SPMM OVERLAP STREAM (FP64, CSR resident, K-tiled)
End2End=52912.4 ms
t_cpu_alloc=10413.4 ms
t_gpu_alloc=1761.45 ms
t_h2d_ms=349.666 ms
t_d2h_ms=483.14 ms
t_spmm_ms=3812.71 ms

