tile_k= 21132
--- GPU Memory Usage ---
Total GPU Memory: 39.50 GB
Free GPU Memory:  39.09 GB
Used GPU Memory:  0.41 GB
------------------------

Process RSS:  0.11 GB

SPMM OVERLAP STREAM (FP64, CSR resident, K-tiled)
End2End=3266.76 ms
t_cpu_alloc=2055.19 ms
t_gpu_alloc=10.5822 ms
t_h2d_ms=185.566 ms
t_d2h_ms=235.331 ms
t_spmm_ms=37.2419 ms
t_pure_computation_and_transfers=457.522 ms

tile_k= 21132
--- GPU Memory Usage ---
Total GPU Memory: 39.50 GB
Free GPU Memory:  39.09 GB
Used GPU Memory:  0.41 GB
------------------------

Process RSS:  0.11 GB

SPMM OVERLAP STREAM (FP64, CSR resident, K-tiled)
End2End=3170.11 ms
t_cpu_alloc=2049.56 ms
t_gpu_alloc=10.572 ms
t_h2d_ms=196.821 ms
t_d2h_ms=145.098 ms
t_spmm_ms=41.8079 ms
t_pure_computation_and_transfers=383.096 ms

tile_k= 21132
--- GPU Memory Usage ---
Total GPU Memory: 39.50 GB
Free GPU Memory:  39.09 GB
Used GPU Memory:  0.41 GB
------------------------

Process RSS:  0.11 GB

SPMM OVERLAP STREAM (FP64, CSR resident, K-tiled)
End2End=3167.3 ms
t_cpu_alloc=2045.74 ms
t_gpu_alloc=10.7532 ms
t_h2d_ms=191.489 ms
t_d2h_ms=159.273 ms
t_spmm_ms=27.0377 ms
t_pure_computation_and_transfers=377.178 ms

tile_k= 21132
--- GPU Memory Usage ---
Total GPU Memory: 39.50 GB
Free GPU Memory:  39.09 GB
Used GPU Memory:  0.41 GB
------------------------

Process RSS:  0.11 GB

SPMM OVERLAP STREAM (FP64, CSR resident, K-tiled)
End2End=3176.81 ms
t_cpu_alloc=2034.73 ms
t_gpu_alloc=10.4079 ms
t_h2d_ms=197.259 ms
t_d2h_ms=162.645 ms
t_spmm_ms=41.2242 ms
t_pure_computation_and_transfers=400.52 ms

tile_k= 21132
--- GPU Memory Usage ---
Total GPU Memory: 39.50 GB
Free GPU Memory:  39.09 GB
Used GPU Memory:  0.41 GB
------------------------

Process RSS:  0.11 GB

SPMM OVERLAP STREAM (FP64, CSR resident, K-tiled)
End2End=3193.49 ms
t_cpu_alloc=2060.09 ms
t_gpu_alloc=10.5979 ms
t_h2d_ms=197.895 ms
t_d2h_ms=157.831 ms
t_spmm_ms=26.7837 ms
t_pure_computation_and_transfers=381.893 ms

