===================================================================
Input matrix: ../../suitesparse_mats/small_matrices/ex19/ex19.mtx, K=4096, iters=5

=== SpMM full GPU (CSR resident) ===
Matrix: m=12005, n=12005, nnz=259879, K=4096, iters=5
Total SpMM time over 5 iters = 21.2555 ms
Average SpMM time per iter = 4.2511 ms

==== SUMMARY ====
End-to-end          = 387.97 ms
t_csr           = 66.057 ms
t_gpu_alloc     = 273.243 ms
t_cpu_alloc     = 21.575 ms
t_h2d_ms     = 0.06064 ms
t_spmm_ms    = 21.2555 ms
t_d2h_ms       = 1.34966 ms

===================================================================
Input matrix: ../../suitesparse_mats/small_matrices/ex19/ex19.mtx, K=4096, iters=5

=== SpMM full GPU (CSR resident) ===
Matrix: m=12005, n=12005, nnz=259879, K=4096, iters=5
Total SpMM time over 5 iters = 21.2287 ms
Average SpMM time per iter = 4.24574 ms

==== SUMMARY ====
End-to-end          = 389.318 ms
t_csr           = 66.541 ms
t_gpu_alloc     = 274.186 ms
t_cpu_alloc     = 21.5621 ms
t_h2d_ms     = 0.05984 ms
t_spmm_ms    = 21.2287 ms
t_d2h_ms       = 1.34938 ms

===================================================================
Input matrix: ../../suitesparse_mats/small_matrices/ex19/ex19.mtx, K=4096, iters=5

=== SpMM full GPU (CSR resident) ===
Matrix: m=12005, n=12005, nnz=259879, K=4096, iters=5
Total SpMM time over 5 iters = 21.3059 ms
Average SpMM time per iter = 4.26118 ms

==== SUMMARY ====
End-to-end          = 389.045 ms
t_csr           = 66.437 ms
t_gpu_alloc     = 273.904 ms
t_cpu_alloc     = 21.6012 ms
t_h2d_ms     = 0.0576 ms
t_spmm_ms    = 21.3059 ms
t_d2h_ms       = 1.34787 ms

===================================================================
Input matrix: ../../suitesparse_mats/small_matrices/ex19/ex19.mtx, K=4096, iters=5

=== SpMM full GPU (CSR resident) ===
Matrix: m=12005, n=12005, nnz=259879, K=4096, iters=5
Total SpMM time over 5 iters = 21.2414 ms
Average SpMM time per iter = 4.24828 ms

==== SUMMARY ====
End-to-end          = 387.965 ms
t_csr           = 66.519 ms
t_gpu_alloc     = 272.832 ms
t_cpu_alloc     = 21.5521 ms
t_h2d_ms     = 0.058976 ms
t_spmm_ms    = 21.2414 ms
t_d2h_ms       = 1.3488 ms

===================================================================
Input matrix: ../../suitesparse_mats/small_matrices/ex19/ex19.mtx, K=4096, iters=5

=== SpMM full GPU (CSR resident) ===
Matrix: m=12005, n=12005, nnz=259879, K=4096, iters=5
Total SpMM time over 5 iters = 21.238 ms
Average SpMM time per iter = 4.24759 ms

==== SUMMARY ====
End-to-end          = 404.397 ms
t_csr           = 67.7781 ms
t_gpu_alloc     = 287.914 ms
t_cpu_alloc     = 21.5991 ms
t_h2d_ms     = 0.061088 ms
t_spmm_ms    = 21.238 ms
t_d2h_ms       = 1.3481 ms

