===================================================================
Input matrix: ../../suitesparse_mats/small_matrices/GL7d14/GL7d14.mtx, K=4096, iters=5

=== SpMM full GPU (CSR resident) ===
Matrix: m=171375, n=47271, nnz=1831183, K=4096, iters=5
Total SpMM time over 5 iters = 282.978 ms
Average SpMM time per iter = 56.5955 ms

==== SUMMARY ====
End-to-end          = 1635.29 ms
t_csr           = 266.246 ms
t_gpu_alloc     = 714.465 ms
t_cpu_alloc     = 309.965 ms
t_h2d_ms     = 0.112864 ms
t_spmm_ms    = 282.978 ms
t_d2h_ms       = 18.9402 ms

===================================================================
Input matrix: ../../suitesparse_mats/small_matrices/GL7d14/GL7d14.mtx, K=4096, iters=5

=== SpMM full GPU (CSR resident) ===
Matrix: m=171375, n=47271, nnz=1831183, K=4096, iters=5
Total SpMM time over 5 iters = 283.198 ms
Average SpMM time per iter = 56.6396 ms

==== SUMMARY ====
End-to-end          = 1644.15 ms
t_csr           = 262.843 ms
t_gpu_alloc     = 716.799 ms
t_cpu_alloc     = 316.65 ms
t_h2d_ms     = 0.125024 ms
t_spmm_ms    = 283.198 ms
t_d2h_ms       = 18.9704 ms

===================================================================
Input matrix: ../../suitesparse_mats/small_matrices/GL7d14/GL7d14.mtx, K=4096, iters=5

=== SpMM full GPU (CSR resident) ===
Matrix: m=171375, n=47271, nnz=1831183, K=4096, iters=5
Total SpMM time over 5 iters = 283.035 ms
Average SpMM time per iter = 56.607 ms

==== SUMMARY ====
End-to-end          = 1641.63 ms
t_csr           = 262.393 ms
t_gpu_alloc     = 716.981 ms
t_cpu_alloc     = 316.735 ms
t_h2d_ms     = 0.125632 ms
t_spmm_ms    = 283.035 ms
t_d2h_ms       = 18.9668 ms

===================================================================
Input matrix: ../../suitesparse_mats/small_matrices/GL7d14/GL7d14.mtx, K=4096, iters=5

=== SpMM full GPU (CSR resident) ===
Matrix: m=171375, n=47271, nnz=1831183, K=4096, iters=5
Total SpMM time over 5 iters = 283.192 ms
Average SpMM time per iter = 56.6385 ms

==== SUMMARY ====
End-to-end          = 1642.79 ms
t_csr           = 262.39 ms
t_gpu_alloc     = 715.668 ms
t_cpu_alloc     = 317.061 ms
t_h2d_ms     = 0.125408 ms
t_spmm_ms    = 283.192 ms
t_d2h_ms       = 18.977 ms

===================================================================
Input matrix: ../../suitesparse_mats/small_matrices/GL7d14/GL7d14.mtx, K=4096, iters=5

=== SpMM full GPU (CSR resident) ===
Matrix: m=171375, n=47271, nnz=1831183, K=4096, iters=5
Total SpMM time over 5 iters = 283.07 ms
Average SpMM time per iter = 56.614 ms

==== SUMMARY ====
End-to-end          = 1641.16 ms
t_csr           = 262.02 ms
t_gpu_alloc     = 717.005 ms
t_cpu_alloc     = 316.681 ms
t_h2d_ms     = 0.120768 ms
t_spmm_ms    = 283.07 ms
t_d2h_ms       = 18.968 ms

