===================================================================
Input matrix: ../../suitesparse_mats/small_matrices/ex19/ex19.mtx, K=8192, iters=5

=== SpMM full GPU (CSR resident) ===
Matrix: m=12005, n=12005, nnz=259879, K=8192, iters=5
Total SpMM time over 5 iters = 38.774 ms
Average SpMM time per iter = 7.7548 ms

==== SUMMARY ====
End-to-end          = 489.854 ms
t_csr           = 66.1199 ms
t_gpu_alloc     = 328.792 ms
t_cpu_alloc     = 45.8961 ms
t_h2d_ms     = 0.061216 ms
t_spmm_ms    = 38.774 ms
t_d2h_ms       = 2.66579 ms

===================================================================
Input matrix: ../../suitesparse_mats/small_matrices/ex19/ex19.mtx, K=8192, iters=5

=== SpMM full GPU (CSR resident) ===
Matrix: m=12005, n=12005, nnz=259879, K=8192, iters=5
Total SpMM time over 5 iters = 38.7403 ms
Average SpMM time per iter = 7.74806 ms

==== SUMMARY ====
End-to-end          = 491.98 ms
t_csr           = 66.282 ms
t_gpu_alloc     = 331.42 ms
t_cpu_alloc     = 45.254 ms
t_h2d_ms     = 0.061344 ms
t_spmm_ms    = 38.7403 ms
t_d2h_ms       = 2.66554 ms

===================================================================
Input matrix: ../../suitesparse_mats/small_matrices/ex19/ex19.mtx, K=8192, iters=5

=== SpMM full GPU (CSR resident) ===
Matrix: m=12005, n=12005, nnz=259879, K=8192, iters=5
Total SpMM time over 5 iters = 38.6918 ms
Average SpMM time per iter = 7.73836 ms

==== SUMMARY ====
End-to-end          = 490.644 ms
t_csr           = 66.468 ms
t_gpu_alloc     = 329.438 ms
t_cpu_alloc     = 44.847 ms
t_h2d_ms     = 0.061344 ms
t_spmm_ms    = 38.6918 ms
t_d2h_ms       = 2.66746 ms

===================================================================
Input matrix: ../../suitesparse_mats/small_matrices/ex19/ex19.mtx, K=8192, iters=5

=== SpMM full GPU (CSR resident) ===
Matrix: m=12005, n=12005, nnz=259879, K=8192, iters=5
Total SpMM time over 5 iters = 38.7159 ms
Average SpMM time per iter = 7.74317 ms

==== SUMMARY ====
End-to-end          = 500.681 ms
t_csr           = 66.4241 ms
t_gpu_alloc     = 340.295 ms
t_cpu_alloc     = 44.9939 ms
t_h2d_ms     = 0.059808 ms
t_spmm_ms    = 38.7159 ms
t_d2h_ms       = 2.66826 ms

===================================================================
Input matrix: ../../suitesparse_mats/small_matrices/ex19/ex19.mtx, K=8192, iters=5

=== SpMM full GPU (CSR resident) ===
Matrix: m=12005, n=12005, nnz=259879, K=8192, iters=5
Total SpMM time over 5 iters = 38.7014 ms
Average SpMM time per iter = 7.74028 ms

==== SUMMARY ====
End-to-end          = 490.33 ms
t_csr           = 66.21 ms
t_gpu_alloc     = 330.291 ms
t_cpu_alloc     = 44.8558 ms
t_h2d_ms     = 0.060032 ms
t_spmm_ms    = 38.7014 ms
t_d2h_ms       = 2.66525 ms

