===================================================================
Input matrix: ../../suitesparse_mats/small_matrices/c-49/c-49.mtx, K=4096, iters=5

=== SpMM full GPU (CSR resident) ===
Matrix: m=21132, n=21132, nnz=157042, K=4096, iters=5
Total SpMM time over 5 iters = 15.2588 ms
Average SpMM time per iter = 3.05176 ms

==== SUMMARY ====
End-to-end          = 401.512 ms
t_csr           = 19.8288 ms
t_gpu_alloc     = 318.973 ms
t_cpu_alloc     = 38.764 ms
t_h2d_ms     = 0.056192 ms
t_spmm_ms    = 15.2588 ms
t_d2h_ms       = 2.35552 ms

===================================================================
Input matrix: ../../suitesparse_mats/small_matrices/c-49/c-49.mtx, K=4096, iters=5

=== SpMM full GPU (CSR resident) ===
Matrix: m=21132, n=21132, nnz=157042, K=4096, iters=5
Total SpMM time over 5 iters = 15.2437 ms
Average SpMM time per iter = 3.04874 ms

==== SUMMARY ====
End-to-end          = 396.829 ms
t_csr           = 19.9449 ms
t_gpu_alloc     = 314.219 ms
t_cpu_alloc     = 38.6899 ms
t_h2d_ms     = 0.058112 ms
t_spmm_ms    = 15.2437 ms
t_d2h_ms       = 2.38691 ms

===================================================================
Input matrix: ../../suitesparse_mats/small_matrices/c-49/c-49.mtx, K=4096, iters=5

=== SpMM full GPU (CSR resident) ===
Matrix: m=21132, n=21132, nnz=157042, K=4096, iters=5
Total SpMM time over 5 iters = 15.2384 ms
Average SpMM time per iter = 3.04769 ms

==== SUMMARY ====
End-to-end          = 402.767 ms
t_csr           = 19.9831 ms
t_gpu_alloc     = 320.363 ms
t_cpu_alloc     = 38.538 ms
t_h2d_ms     = 0.057856 ms
t_spmm_ms    = 15.2384 ms
t_d2h_ms       = 2.35686 ms

===================================================================
Input matrix: ../../suitesparse_mats/small_matrices/c-49/c-49.mtx, K=4096, iters=5

=== SpMM full GPU (CSR resident) ===
Matrix: m=21132, n=21132, nnz=157042, K=4096, iters=5
Total SpMM time over 5 iters = 15.2383 ms
Average SpMM time per iter = 3.04765 ms

==== SUMMARY ====
End-to-end          = 396.949 ms
t_csr           = 20.005 ms
t_gpu_alloc     = 314.288 ms
t_cpu_alloc     = 38.589 ms
t_h2d_ms     = 0.05744 ms
t_spmm_ms    = 15.2383 ms
t_d2h_ms       = 2.35648 ms

===================================================================
Input matrix: ../../suitesparse_mats/small_matrices/c-49/c-49.mtx, K=4096, iters=5

=== SpMM full GPU (CSR resident) ===
Matrix: m=21132, n=21132, nnz=157042, K=4096, iters=5
Total SpMM time over 5 iters = 15.2029 ms
Average SpMM time per iter = 3.04058 ms

==== SUMMARY ====
End-to-end          = 398.026 ms
t_csr           = 19.9821 ms
t_gpu_alloc     = 315.633 ms
t_cpu_alloc     = 38.496 ms
t_h2d_ms     = 0.05856 ms
t_spmm_ms    = 15.2029 ms
t_d2h_ms       = 2.3545 ms

