===================================================================
Input matrix: ../../suitesparse_mats/small_matrices/scircuit/scircuit.mtx, K=4096, iters=5

=== SpMM full GPU (CSR resident) ===
Matrix: m=170998, n=170998, nnz=958936, K=4096, iters=5
Total SpMM time over 5 iters = 76.8099 ms
Average SpMM time per iter = 15.362 ms

==== SUMMARY ====
End-to-end          = 1715.34 ms
t_csr           = 251.05 ms
t_gpu_alloc     = 1000.45 ms
t_cpu_alloc     = 318.858 ms
t_h2d_ms     = 0.092032 ms
t_spmm_ms    = 76.8099 ms
t_d2h_ms       = 18.9567 ms

===================================================================
Input matrix: ../../suitesparse_mats/small_matrices/scircuit/scircuit.mtx, K=4096, iters=5

=== SpMM full GPU (CSR resident) ===
Matrix: m=170998, n=170998, nnz=958936, K=4096, iters=5
Total SpMM time over 5 iters = 76.9062 ms
Average SpMM time per iter = 15.3812 ms

==== SUMMARY ====
End-to-end          = 1709.66 ms
t_csr           = 250.622 ms
t_gpu_alloc     = 996.356 ms
t_cpu_alloc     = 318.548 ms
t_h2d_ms     = 0.090208 ms
t_spmm_ms    = 76.9062 ms
t_d2h_ms       = 18.9596 ms

===================================================================
Input matrix: ../../suitesparse_mats/small_matrices/scircuit/scircuit.mtx, K=4096, iters=5

=== SpMM full GPU (CSR resident) ===
Matrix: m=170998, n=170998, nnz=958936, K=4096, iters=5
Total SpMM time over 5 iters = 76.9437 ms
Average SpMM time per iter = 15.3887 ms

==== SUMMARY ====
End-to-end          = 1714.65 ms
t_csr           = 250.668 ms
t_gpu_alloc     = 997.014 ms
t_cpu_alloc     = 321.911 ms
t_h2d_ms     = 0.092768 ms
t_spmm_ms    = 76.9437 ms
t_d2h_ms       = 18.9541 ms

===================================================================
Input matrix: ../../suitesparse_mats/small_matrices/scircuit/scircuit.mtx, K=4096, iters=5

=== SpMM full GPU (CSR resident) ===
Matrix: m=170998, n=170998, nnz=958936, K=4096, iters=5
Total SpMM time over 5 iters = 76.916 ms
Average SpMM time per iter = 15.3832 ms

==== SUMMARY ====
End-to-end          = 1709.78 ms
t_csr           = 251.162 ms
t_gpu_alloc     = 995.179 ms
t_cpu_alloc     = 319.33 ms
t_h2d_ms     = 0.092576 ms
t_spmm_ms    = 76.916 ms
t_d2h_ms       = 18.9383 ms

===================================================================
Input matrix: ../../suitesparse_mats/small_matrices/scircuit/scircuit.mtx, K=4096, iters=5

=== SpMM full GPU (CSR resident) ===
Matrix: m=170998, n=170998, nnz=958936, K=4096, iters=5
Total SpMM time over 5 iters = 76.9219 ms
Average SpMM time per iter = 15.3844 ms

==== SUMMARY ====
End-to-end          = 1710.09 ms
t_csr           = 250.754 ms
t_gpu_alloc     = 996.292 ms
t_cpu_alloc     = 319.051 ms
t_h2d_ms     = 0.093888 ms
t_spmm_ms    = 76.9219 ms
t_d2h_ms       = 18.9519 ms

