===================================================================
Input matrix: ../../suitesparse_mats/small_matrices/c-49/c-49.mtx, K=16384, iters=5

=== SpMM full GPU (CSR resident) ===
Matrix: m=21132, n=21132, nnz=157042, K=16384, iters=5
Total SpMM time over 5 iters = 48.6604 ms
Average SpMM time per iter = 9.73208 ms

==== SUMMARY ====
End-to-end          = 861.782 ms
t_csr           = 19.82 ms
t_gpu_alloc     = 601.828 ms
t_cpu_alloc     = 158.229 ms
t_h2d_ms     = 0.05536 ms
t_spmm_ms    = 48.6604 ms
t_d2h_ms       = 9.32438 ms

===================================================================
Input matrix: ../../suitesparse_mats/small_matrices/c-49/c-49.mtx, K=16384, iters=5

=== SpMM full GPU (CSR resident) ===
Matrix: m=21132, n=21132, nnz=157042, K=16384, iters=5
Total SpMM time over 5 iters = 48.6972 ms
Average SpMM time per iter = 9.73943 ms

==== SUMMARY ====
End-to-end          = 864.479 ms
t_csr           = 19.9771 ms
t_gpu_alloc     = 603.221 ms
t_cpu_alloc     = 158.014 ms
t_h2d_ms     = 0.057152 ms
t_spmm_ms    = 48.6972 ms
t_d2h_ms       = 9.32781 ms

===================================================================
Input matrix: ../../suitesparse_mats/small_matrices/c-49/c-49.mtx, K=16384, iters=5

=== SpMM full GPU (CSR resident) ===
Matrix: m=21132, n=21132, nnz=157042, K=16384, iters=5
Total SpMM time over 5 iters = 48.6734 ms
Average SpMM time per iter = 9.73468 ms

==== SUMMARY ====
End-to-end          = 873.717 ms
t_csr           = 19.9831 ms
t_gpu_alloc     = 614.519 ms
t_cpu_alloc     = 158.007 ms
t_h2d_ms     = 0.058784 ms
t_spmm_ms    = 48.6734 ms
t_d2h_ms       = 9.32778 ms

===================================================================
Input matrix: ../../suitesparse_mats/small_matrices/c-49/c-49.mtx, K=16384, iters=5

=== SpMM full GPU (CSR resident) ===
Matrix: m=21132, n=21132, nnz=157042, K=16384, iters=5
Total SpMM time over 5 iters = 48.6403 ms
Average SpMM time per iter = 9.72806 ms

==== SUMMARY ====
End-to-end          = 862.69 ms
t_csr           = 19.937 ms
t_gpu_alloc     = 603.608 ms
t_cpu_alloc     = 157.993 ms
t_h2d_ms     = 0.055104 ms
t_spmm_ms    = 48.6403 ms
t_d2h_ms       = 9.32717 ms

===================================================================
Input matrix: ../../suitesparse_mats/small_matrices/c-49/c-49.mtx, K=16384, iters=5

=== SpMM full GPU (CSR resident) ===
Matrix: m=21132, n=21132, nnz=157042, K=16384, iters=5
Total SpMM time over 5 iters = 48.6892 ms
Average SpMM time per iter = 9.73785 ms

==== SUMMARY ====
End-to-end          = 862.478 ms
t_csr           = 19.9749 ms
t_gpu_alloc     = 603.326 ms
t_cpu_alloc     = 157.497 ms
t_h2d_ms     = 0.058752 ms
t_spmm_ms    = 48.6892 ms
t_d2h_ms       = 9.32669 ms

