===================================================================
Input matrix: ../../suitesparse_mats/small_matrices/ch5-5-b3/ch5-5-b3.mtx, K=4096, iters=5

=== SpMM full GPU (CSR resident) ===
Matrix: m=600, n=600, nnz=2400, K=4096, iters=5
Total SpMM time over 5 iters = 3.93072 ms
Average SpMM time per iter = 0.786144 ms

==== SUMMARY ====
End-to-end          = 234.455 ms
t_csr           = 0.35882 ms
t_gpu_alloc     = 228.013 ms
t_cpu_alloc     = 1.03712 ms
t_h2d_ms     = 0.026112 ms
t_spmm_ms    = 3.93072 ms
t_d2h_ms       = 0.109216 ms

===================================================================
Input matrix: ../../suitesparse_mats/small_matrices/ch5-5-b3/ch5-5-b3.mtx, K=4096, iters=5

=== SpMM full GPU (CSR resident) ===
Matrix: m=600, n=600, nnz=2400, K=4096, iters=5
Total SpMM time over 5 iters = 3.93322 ms
Average SpMM time per iter = 0.786643 ms

==== SUMMARY ====
End-to-end          = 229.297 ms
t_csr           = 0.355959 ms
t_gpu_alloc     = 222.857 ms
t_cpu_alloc     = 1.04403 ms
t_h2d_ms     = 0.026432 ms
t_spmm_ms    = 3.93322 ms
t_d2h_ms       = 0.10832 ms

===================================================================
Input matrix: ../../suitesparse_mats/small_matrices/ch5-5-b3/ch5-5-b3.mtx, K=4096, iters=5

=== SpMM full GPU (CSR resident) ===
Matrix: m=600, n=600, nnz=2400, K=4096, iters=5
Total SpMM time over 5 iters = 3.92003 ms
Average SpMM time per iter = 0.784006 ms

==== SUMMARY ====
End-to-end          = 228.16 ms
t_csr           = 0.349045 ms
t_gpu_alloc     = 221.712 ms
t_cpu_alloc     = 1.06502 ms
t_h2d_ms     = 0.02656 ms
t_spmm_ms    = 3.92003 ms
t_d2h_ms       = 0.110048 ms

===================================================================
Input matrix: ../../suitesparse_mats/small_matrices/ch5-5-b3/ch5-5-b3.mtx, K=4096, iters=5

=== SpMM full GPU (CSR resident) ===
Matrix: m=600, n=600, nnz=2400, K=4096, iters=5
Total SpMM time over 5 iters = 3.94909 ms
Average SpMM time per iter = 0.789818 ms

==== SUMMARY ====
End-to-end          = 231.429 ms
t_csr           = 0.355959 ms
t_gpu_alloc     = 225.006 ms
t_cpu_alloc     = 1.03807 ms
t_h2d_ms     = 0.02688 ms
t_spmm_ms    = 3.94909 ms
t_d2h_ms       = 0.110176 ms

===================================================================
Input matrix: ../../suitesparse_mats/small_matrices/ch5-5-b3/ch5-5-b3.mtx, K=4096, iters=5

=== SpMM full GPU (CSR resident) ===
Matrix: m=600, n=600, nnz=2400, K=4096, iters=5
Total SpMM time over 5 iters = 3.92848 ms
Average SpMM time per iter = 0.785696 ms

==== SUMMARY ====
End-to-end          = 229.729 ms
t_csr           = 0.344992 ms
t_gpu_alloc     = 223.275 ms
t_cpu_alloc     = 1.06001 ms
t_h2d_ms     = 0.02624 ms
t_spmm_ms    = 3.92848 ms
t_d2h_ms       = 0.112032 ms

