===================================================================
Input matrix: ../../suitesparse_mats/small_matrices/GL7d14/GL7d14.mtx, K=8192, iters=5

=== SpMM full GPU (CSR resident) ===
Matrix: m=171375, n=47271, nnz=1831183, K=8192, iters=5
Total SpMM time over 5 iters = 565.496 ms
Average SpMM time per iter = 113.099 ms

==== SUMMARY ====
End-to-end          = 2790.1 ms
t_csr           = 263.751 ms
t_gpu_alloc     = 1213.36 ms
t_cpu_alloc     = 628.88 ms
t_h2d_ms     = 0.125184 ms
t_spmm_ms    = 565.496 ms
t_d2h_ms       = 37.9411 ms

===================================================================
Input matrix: ../../suitesparse_mats/small_matrices/GL7d14/GL7d14.mtx, K=8192, iters=5

=== SpMM full GPU (CSR resident) ===
Matrix: m=171375, n=47271, nnz=1831183, K=8192, iters=5
Total SpMM time over 5 iters = 565.293 ms
Average SpMM time per iter = 113.059 ms

==== SUMMARY ====
End-to-end          = 2793.47 ms
t_csr           = 263.744 ms
t_gpu_alloc     = 1217.82 ms
t_cpu_alloc     = 627.545 ms
t_h2d_ms     = 0.121536 ms
t_spmm_ms    = 565.293 ms
t_d2h_ms       = 37.9345 ms

===================================================================
Input matrix: ../../suitesparse_mats/small_matrices/GL7d14/GL7d14.mtx, K=8192, iters=5

=== SpMM full GPU (CSR resident) ===
Matrix: m=171375, n=47271, nnz=1831183, K=8192, iters=5
Total SpMM time over 5 iters = 565.346 ms
Average SpMM time per iter = 113.069 ms

==== SUMMARY ====
End-to-end          = 2782.3 ms
t_csr           = 261.939 ms
t_gpu_alloc     = 1212.03 ms
t_cpu_alloc     = 623.683 ms
t_h2d_ms     = 0.123424 ms
t_spmm_ms    = 565.346 ms
t_d2h_ms       = 37.9361 ms

===================================================================
Input matrix: ../../suitesparse_mats/small_matrices/GL7d14/GL7d14.mtx, K=8192, iters=5

=== SpMM full GPU (CSR resident) ===
Matrix: m=171375, n=47271, nnz=1831183, K=8192, iters=5
Total SpMM time over 5 iters = 565.28 ms
Average SpMM time per iter = 113.056 ms

==== SUMMARY ====
End-to-end          = 2801.47 ms
t_csr           = 261.382 ms
t_gpu_alloc     = 1226.11 ms
t_cpu_alloc     = 629.82 ms
t_h2d_ms     = 0.122176 ms
t_spmm_ms    = 565.28 ms
t_d2h_ms       = 37.9379 ms

===================================================================
Input matrix: ../../suitesparse_mats/small_matrices/GL7d14/GL7d14.mtx, K=8192, iters=5

=== SpMM full GPU (CSR resident) ===
Matrix: m=171375, n=47271, nnz=1831183, K=8192, iters=5
Total SpMM time over 5 iters = 565.331 ms
Average SpMM time per iter = 113.066 ms

==== SUMMARY ====
End-to-end          = 2778.05 ms
t_csr           = 262 ms
t_gpu_alloc     = 1217.58 ms
t_cpu_alloc     = 616.763 ms
t_h2d_ms     = 0.122176 ms
t_spmm_ms    = 565.331 ms
t_d2h_ms       = 37.9296 ms

