===================================================================
Input matrix: ../../suitesparse_mats/small_matrices/torsion1/torsion1.mtx, K=4096, iters=5

=== SpMM full GPU (CSR resident) ===
Matrix: m=40000, n=40000, nnz=197608, K=4096, iters=5
Total SpMM time over 5 iters = 18.4756 ms
Average SpMM time per iter = 3.69513 ms

==== SUMMARY ====
End-to-end          = 530.157 ms
t_csr           = 17.813 ms
t_gpu_alloc     = 399.52 ms
t_cpu_alloc     = 77.1749 ms
t_h2d_ms     = 0.059392 ms
t_spmm_ms    = 18.4756 ms
t_d2h_ms       = 4.42902 ms

===================================================================
Input matrix: ../../suitesparse_mats/small_matrices/torsion1/torsion1.mtx, K=4096, iters=5

=== SpMM full GPU (CSR resident) ===
Matrix: m=40000, n=40000, nnz=197608, K=4096, iters=5
Total SpMM time over 5 iters = 18.5245 ms
Average SpMM time per iter = 3.7049 ms

==== SUMMARY ====
End-to-end          = 531.392 ms
t_csr           = 17.7109 ms
t_gpu_alloc     = 399.776 ms
t_cpu_alloc     = 78.203 ms
t_h2d_ms     = 0.058432 ms
t_spmm_ms    = 18.5245 ms
t_d2h_ms       = 4.42605 ms

===================================================================
Input matrix: ../../suitesparse_mats/small_matrices/torsion1/torsion1.mtx, K=4096, iters=5

=== SpMM full GPU (CSR resident) ===
Matrix: m=40000, n=40000, nnz=197608, K=4096, iters=5
Total SpMM time over 5 iters = 18.4574 ms
Average SpMM time per iter = 3.69148 ms

==== SUMMARY ====
End-to-end          = 535.969 ms
t_csr           = 17.715 ms
t_gpu_alloc     = 405.447 ms
t_cpu_alloc     = 77.0938 ms
t_h2d_ms     = 0.068032 ms
t_spmm_ms    = 18.4574 ms
t_d2h_ms       = 4.42749 ms

===================================================================
Input matrix: ../../suitesparse_mats/small_matrices/torsion1/torsion1.mtx, K=4096, iters=5

=== SpMM full GPU (CSR resident) ===
Matrix: m=40000, n=40000, nnz=197608, K=4096, iters=5
Total SpMM time over 5 iters = 18.444 ms
Average SpMM time per iter = 3.6888 ms

==== SUMMARY ====
End-to-end          = 531.018 ms
t_csr           = 17.731 ms
t_gpu_alloc     = 399.733 ms
t_cpu_alloc     = 78.027 ms
t_h2d_ms     = 0.059904 ms
t_spmm_ms    = 18.444 ms
t_d2h_ms       = 4.42624 ms

===================================================================
Input matrix: ../../suitesparse_mats/small_matrices/torsion1/torsion1.mtx, K=4096, iters=5

=== SpMM full GPU (CSR resident) ===
Matrix: m=40000, n=40000, nnz=197608, K=4096, iters=5
Total SpMM time over 5 iters = 18.4571 ms
Average SpMM time per iter = 3.69142 ms

==== SUMMARY ====
End-to-end          = 526.14 ms
t_csr           = 17.7751 ms
t_gpu_alloc     = 399.443 ms
t_cpu_alloc     = 74.1961 ms
t_h2d_ms     = 0.057984 ms
t_spmm_ms    = 18.4571 ms
t_d2h_ms       = 4.42739 ms

