===================================================================
Input matrix: ../../suitesparse_mats/small_matrices/ch5-5-b3/ch5-5-b3.mtx, K=8192, iters=5

=== SpMM full GPU (CSR resident) ===
Matrix: m=600, n=600, nnz=2400, K=8192, iters=5
Total SpMM time over 5 iters = 4.15334 ms
Average SpMM time per iter = 0.830669 ms

==== SUMMARY ====
End-to-end          = 236.835 ms
t_csr           = 0.352144 ms
t_gpu_alloc     = 228.864 ms
t_cpu_alloc     = 2.09498 ms
t_h2d_ms     = 0.026752 ms
t_spmm_ms    = 4.15334 ms
t_d2h_ms       = 0.189184 ms

===================================================================
Input matrix: ../../suitesparse_mats/small_matrices/ch5-5-b3/ch5-5-b3.mtx, K=8192, iters=5

=== SpMM full GPU (CSR resident) ===
Matrix: m=600, n=600, nnz=2400, K=8192, iters=5
Total SpMM time over 5 iters = 4.20163 ms
Average SpMM time per iter = 0.840326 ms

==== SUMMARY ====
End-to-end          = 231.533 ms
t_csr           = 0.348806 ms
t_gpu_alloc     = 223.584 ms
t_cpu_alloc     = 2.06089 ms
t_h2d_ms     = 0.027264 ms
t_spmm_ms    = 4.20163 ms
t_d2h_ms       = 0.188064 ms

===================================================================
Input matrix: ../../suitesparse_mats/small_matrices/ch5-5-b3/ch5-5-b3.mtx, K=8192, iters=5

=== SpMM full GPU (CSR resident) ===
Matrix: m=600, n=600, nnz=2400, K=8192, iters=5
Total SpMM time over 5 iters = 4.16701 ms
Average SpMM time per iter = 0.833402 ms

==== SUMMARY ====
End-to-end          = 231.798 ms
t_csr           = 0.360012 ms
t_gpu_alloc     = 223.844 ms
t_cpu_alloc     = 2.09308 ms
t_h2d_ms     = 0.026176 ms
t_spmm_ms    = 4.16701 ms
t_d2h_ms       = 0.186752 ms

===================================================================
Input matrix: ../../suitesparse_mats/small_matrices/ch5-5-b3/ch5-5-b3.mtx, K=8192, iters=5

=== SpMM full GPU (CSR resident) ===
Matrix: m=600, n=600, nnz=2400, K=8192, iters=5
Total SpMM time over 5 iters = 4.1887 ms
Average SpMM time per iter = 0.837741 ms

==== SUMMARY ====
End-to-end          = 229.342 ms
t_csr           = 0.347137 ms
t_gpu_alloc     = 221.373 ms
t_cpu_alloc     = 2.06304 ms
t_h2d_ms     = 0.026912 ms
t_spmm_ms    = 4.1887 ms
t_d2h_ms       = 0.188992 ms

===================================================================
Input matrix: ../../suitesparse_mats/small_matrices/ch5-5-b3/ch5-5-b3.mtx, K=8192, iters=5

=== SpMM full GPU (CSR resident) ===
Matrix: m=600, n=600, nnz=2400, K=8192, iters=5
Total SpMM time over 5 iters = 4.32771 ms
Average SpMM time per iter = 0.865542 ms

==== SUMMARY ====
End-to-end          = 232.322 ms
t_csr           = 0.374079 ms
t_gpu_alloc     = 224.199 ms
t_cpu_alloc     = 2.0709 ms
t_h2d_ms     = 0.026496 ms
t_spmm_ms    = 4.32771 ms
t_d2h_ms       = 0.191776 ms

