===================================================================
Input matrix: ../../suitesparse_mats/small_matrices/scircuit/scircuit.mtx, K=8192, iters=5

=== SpMM full GPU (CSR resident) ===
Matrix: m=170998, n=170998, nnz=958936, K=8192, iters=5
Total SpMM time over 5 iters = 149.772 ms
Average SpMM time per iter = 29.9543 ms

==== SUMMARY ====
End-to-end          = 2910.94 ms
t_csr           = 249.896 ms
t_gpu_alloc     = 1772.16 ms
t_cpu_alloc     = 614.7 ms
t_h2d_ms     = 0.087232 ms
t_spmm_ms    = 149.772 ms
t_d2h_ms       = 37.892 ms

===================================================================
Input matrix: ../../suitesparse_mats/small_matrices/scircuit/scircuit.mtx, K=8192, iters=5

=== SpMM full GPU (CSR resident) ===
Matrix: m=170998, n=170998, nnz=958936, K=8192, iters=5
Total SpMM time over 5 iters = 149.873 ms
Average SpMM time per iter = 29.9746 ms

==== SUMMARY ====
End-to-end          = 2918.58 ms
t_csr           = 251.195 ms
t_gpu_alloc     = 1772.5 ms
t_cpu_alloc     = 618.786 ms
t_h2d_ms     = 0.091776 ms
t_spmm_ms    = 149.873 ms
t_d2h_ms       = 37.8949 ms

===================================================================
Input matrix: ../../suitesparse_mats/small_matrices/scircuit/scircuit.mtx, K=8192, iters=5

=== SpMM full GPU (CSR resident) ===
Matrix: m=170998, n=170998, nnz=958936, K=8192, iters=5
Total SpMM time over 5 iters = 150.061 ms
Average SpMM time per iter = 30.0121 ms

==== SUMMARY ====
End-to-end          = 2936.14 ms
t_csr           = 251.068 ms
t_gpu_alloc     = 1774.1 ms
t_cpu_alloc     = 630.61 ms
t_h2d_ms     = 0.0968 ms
t_spmm_ms    = 150.061 ms
t_d2h_ms       = 37.9052 ms

===================================================================
Input matrix: ../../suitesparse_mats/small_matrices/scircuit/scircuit.mtx, K=8192, iters=5

=== SpMM full GPU (CSR resident) ===
Matrix: m=170998, n=170998, nnz=958936, K=8192, iters=5
Total SpMM time over 5 iters = 150 ms
Average SpMM time per iter = 30 ms

==== SUMMARY ====
End-to-end          = 2916.55 ms
t_csr           = 250.742 ms
t_gpu_alloc     = 1771.33 ms
t_cpu_alloc     = 618.611 ms
t_h2d_ms     = 0.092448 ms
t_spmm_ms    = 150 ms
t_d2h_ms       = 37.9048 ms

===================================================================
Input matrix: ../../suitesparse_mats/small_matrices/scircuit/scircuit.mtx, K=8192, iters=5

=== SpMM full GPU (CSR resident) ===
Matrix: m=170998, n=170998, nnz=958936, K=8192, iters=5
Total SpMM time over 5 iters = 149.874 ms
Average SpMM time per iter = 29.9748 ms

==== SUMMARY ====
End-to-end          = 2922.63 ms
t_csr           = 250.702 ms
t_gpu_alloc     = 1773.71 ms
t_cpu_alloc     = 620.972 ms
t_h2d_ms     = 0.093184 ms
t_spmm_ms    = 149.874 ms
t_d2h_ms       = 37.8999 ms

