===================================================================
Input matrix: ../../suitesparse_mats/small_matrices/scircuit/scircuit.mtx, K=2048, iters=5

=== SpMM full GPU (CSR resident) ===
Matrix: m=170998, n=170998, nnz=958936, K=2048, iters=5
Total SpMM time over 5 iters = 40.4214 ms
Average SpMM time per iter = 8.08429 ms

==== SUMMARY ====
End-to-end          = 1106.19 ms
t_csr           = 255.027 ms
t_gpu_alloc     = 608.631 ms
t_cpu_alloc     = 165.432 ms
t_h2d_ms     = 0.085824 ms
t_spmm_ms    = 40.4214 ms
t_d2h_ms       = 9.43926 ms

===================================================================
Input matrix: ../../suitesparse_mats/small_matrices/scircuit/scircuit.mtx, K=2048, iters=5

=== SpMM full GPU (CSR resident) ===
Matrix: m=170998, n=170998, nnz=958936, K=2048, iters=5
Total SpMM time over 5 iters = 40.4388 ms
Average SpMM time per iter = 8.08777 ms

==== SUMMARY ====
End-to-end          = 1101.16 ms
t_csr           = 251.013 ms
t_gpu_alloc     = 607.345 ms
t_cpu_alloc     = 164.913 ms
t_h2d_ms     = 0.09328 ms
t_spmm_ms    = 40.4388 ms
t_d2h_ms       = 9.43958 ms

===================================================================
Input matrix: ../../suitesparse_mats/small_matrices/scircuit/scircuit.mtx, K=2048, iters=5

=== SpMM full GPU (CSR resident) ===
Matrix: m=170998, n=170998, nnz=958936, K=2048, iters=5
Total SpMM time over 5 iters = 40.4169 ms
Average SpMM time per iter = 8.08339 ms

==== SUMMARY ====
End-to-end          = 1096.45 ms
t_csr           = 251.002 ms
t_gpu_alloc     = 607.678 ms
t_cpu_alloc     = 162.162 ms
t_h2d_ms     = 0.090688 ms
t_spmm_ms    = 40.4169 ms
t_d2h_ms       = 9.4368 ms

===================================================================
Input matrix: ../../suitesparse_mats/small_matrices/scircuit/scircuit.mtx, K=2048, iters=5

=== SpMM full GPU (CSR resident) ===
Matrix: m=170998, n=170998, nnz=958936, K=2048, iters=5
Total SpMM time over 5 iters = 40.3905 ms
Average SpMM time per iter = 8.07811 ms

==== SUMMARY ====
End-to-end          = 1106.44 ms
t_csr           = 251.007 ms
t_gpu_alloc     = 613.163 ms
t_cpu_alloc     = 164.661 ms
t_h2d_ms     = 0.090528 ms
t_spmm_ms    = 40.3905 ms
t_d2h_ms       = 9.43613 ms

===================================================================
Input matrix: ../../suitesparse_mats/small_matrices/scircuit/scircuit.mtx, K=2048, iters=5

=== SpMM full GPU (CSR resident) ===
Matrix: m=170998, n=170998, nnz=958936, K=2048, iters=5
Total SpMM time over 5 iters = 40.3923 ms
Average SpMM time per iter = 8.07845 ms

==== SUMMARY ====
End-to-end          = 1113.16 ms
t_csr           = 251.278 ms
t_gpu_alloc     = 621.177 ms
t_cpu_alloc     = 163.988 ms
t_h2d_ms     = 0.091936 ms
t_spmm_ms    = 40.3923 ms
t_d2h_ms       = 9.436 ms

