===================================================================
Input matrix: ../../suitesparse_mats/small_matrices/c-45/c-45.mtx, K=16384, iters=5

=== SpMM full GPU (CSR resident) ===
Matrix: m=13206, n=13206, nnz=174452, K=16384, iters=5
Total SpMM time over 5 iters = 49.2904 ms
Average SpMM time per iter = 9.85807 ms

==== SUMMARY ====
End-to-end          = 650.559 ms
t_csr           = 21.735 ms
t_gpu_alloc     = 458.373 ms
t_cpu_alloc     = 99.4 ms
t_h2d_ms     = 0.06128 ms
t_spmm_ms    = 49.2904 ms
t_d2h_ms       = 5.84032 ms

===================================================================
Input matrix: ../../suitesparse_mats/small_matrices/c-45/c-45.mtx, K=16384, iters=5

=== SpMM full GPU (CSR resident) ===
Matrix: m=13206, n=13206, nnz=174452, K=16384, iters=5
Total SpMM time over 5 iters = 49.3527 ms
Average SpMM time per iter = 9.87053 ms

==== SUMMARY ====
End-to-end          = 652.374 ms
t_csr           = 21.9328 ms
t_gpu_alloc     = 459.972 ms
t_cpu_alloc     = 100.076 ms
t_h2d_ms     = 0.061984 ms
t_spmm_ms    = 49.3527 ms
t_d2h_ms       = 5.83997 ms

===================================================================
Input matrix: ../../suitesparse_mats/small_matrices/c-45/c-45.mtx, K=16384, iters=5

=== SpMM full GPU (CSR resident) ===
Matrix: m=13206, n=13206, nnz=174452, K=16384, iters=5
Total SpMM time over 5 iters = 49.3394 ms
Average SpMM time per iter = 9.86787 ms

==== SUMMARY ====
End-to-end          = 655.13 ms
t_csr           = 21.863 ms
t_gpu_alloc     = 462.799 ms
t_cpu_alloc     = 99.4761 ms
t_h2d_ms     = 0.061024 ms
t_spmm_ms    = 49.3394 ms
t_d2h_ms       = 5.84048 ms

===================================================================
Input matrix: ../../suitesparse_mats/small_matrices/c-45/c-45.mtx, K=16384, iters=5

=== SpMM full GPU (CSR resident) ===
Matrix: m=13206, n=13206, nnz=174452, K=16384, iters=5
Total SpMM time over 5 iters = 49.3581 ms
Average SpMM time per iter = 9.87162 ms

==== SUMMARY ====
End-to-end          = 651.385 ms
t_csr           = 21.9581 ms
t_gpu_alloc     = 459.119 ms
t_cpu_alloc     = 100.161 ms
t_h2d_ms     = 0.060288 ms
t_spmm_ms    = 49.3581 ms
t_d2h_ms       = 5.83875 ms

===================================================================
Input matrix: ../../suitesparse_mats/small_matrices/c-45/c-45.mtx, K=16384, iters=5

=== SpMM full GPU (CSR resident) ===
Matrix: m=13206, n=13206, nnz=174452, K=16384, iters=5
Total SpMM time over 5 iters = 49.3028 ms
Average SpMM time per iter = 9.86057 ms

==== SUMMARY ====
End-to-end          = 653.052 ms
t_csr           = 21.9779 ms
t_gpu_alloc     = 460.47 ms
t_cpu_alloc     = 99.581 ms
t_h2d_ms     = 0.059168 ms
t_spmm_ms    = 49.3028 ms
t_d2h_ms       = 5.83802 ms

