===================================================================
Input matrix: ../../suitesparse_mats/small_matrices/Goodwin_095/Goodwin_095.mtx, K=4096, iters=5

=== SpMM full GPU (CSR resident) ===
Matrix: m=100037, n=100037, nnz=3226066, K=4096, iters=5
Total SpMM time over 5 iters = 190.04 ms
Average SpMM time per iter = 38.008 ms

==== SUMMARY ====
End-to-end          = 1927.33 ms
t_csr           = 817.607 ms
t_gpu_alloc     = 683.543 ms
t_cpu_alloc     = 188.929 ms
t_h2d_ms     = 0.171424 ms
t_spmm_ms    = 190.04 ms
t_d2h_ms       = 11.0306 ms

===================================================================
Input matrix: ../../suitesparse_mats/small_matrices/Goodwin_095/Goodwin_095.mtx, K=4096, iters=5

=== SpMM full GPU (CSR resident) ===
Matrix: m=100037, n=100037, nnz=3226066, K=4096, iters=5
Total SpMM time over 5 iters = 190.036 ms
Average SpMM time per iter = 38.0071 ms

==== SUMMARY ====
End-to-end          = 1936.62 ms
t_csr           = 820.603 ms
t_gpu_alloc     = 689.932 ms
t_cpu_alloc     = 189.228 ms
t_h2d_ms     = 0.1704 ms
t_spmm_ms    = 190.036 ms
t_d2h_ms       = 11.029 ms

===================================================================
Input matrix: ../../suitesparse_mats/small_matrices/Goodwin_095/Goodwin_095.mtx, K=4096, iters=5

=== SpMM full GPU (CSR resident) ===
Matrix: m=100037, n=100037, nnz=3226066, K=4096, iters=5
Total SpMM time over 5 iters = 190.096 ms
Average SpMM time per iter = 38.0192 ms

==== SUMMARY ====
End-to-end          = 1920.87 ms
t_csr           = 817.477 ms
t_gpu_alloc     = 677.099 ms
t_cpu_alloc     = 189.27 ms
t_h2d_ms     = 0.171872 ms
t_spmm_ms    = 190.096 ms
t_d2h_ms       = 11.0332 ms

===================================================================
Input matrix: ../../suitesparse_mats/small_matrices/Goodwin_095/Goodwin_095.mtx, K=4096, iters=5

=== SpMM full GPU (CSR resident) ===
Matrix: m=100037, n=100037, nnz=3226066, K=4096, iters=5
Total SpMM time over 5 iters = 190.061 ms
Average SpMM time per iter = 38.0123 ms

==== SUMMARY ====
End-to-end          = 1920.58 ms
t_csr           = 817.999 ms
t_gpu_alloc     = 676.334 ms
t_cpu_alloc     = 189.335 ms
t_h2d_ms     = 0.171008 ms
t_spmm_ms    = 190.061 ms
t_d2h_ms       = 11.0304 ms

===================================================================
Input matrix: ../../suitesparse_mats/small_matrices/Goodwin_095/Goodwin_095.mtx, K=4096, iters=5

=== SpMM full GPU (CSR resident) ===
Matrix: m=100037, n=100037, nnz=3226066, K=4096, iters=5
Total SpMM time over 5 iters = 190.065 ms
Average SpMM time per iter = 38.0131 ms

==== SUMMARY ====
End-to-end          = 1924.55 ms
t_csr           = 816.849 ms
t_gpu_alloc     = 681.165 ms
t_cpu_alloc     = 189.176 ms
t_h2d_ms     = 0.174144 ms
t_spmm_ms    = 190.065 ms
t_d2h_ms       = 11.0302 ms

