===================================================================
Input matrix: ../../suitesparse_mats/small_matrices/sparsine/sparsine.mtx, K=16384, iters=5

=== SpMM full GPU (CSR resident) ===
Matrix: m=50000, n=50000, nnz=1548988, K=16384, iters=5
Total SpMM time over 5 iters = 760.495 ms
Average SpMM time per iter = 152.099 ms

==== SUMMARY ====
End-to-end          = 2542.24 ms
t_csr           = 202.992 ms
t_gpu_alloc     = 1129.69 ms
t_cpu_alloc     = 371.165 ms
t_h2d_ms     = 0.101696 ms
t_spmm_ms    = 760.495 ms
t_d2h_ms       = 22.1378 ms

===================================================================
Input matrix: ../../suitesparse_mats/small_matrices/sparsine/sparsine.mtx, K=16384, iters=5

=== SpMM full GPU (CSR resident) ===
Matrix: m=50000, n=50000, nnz=1548988, K=16384, iters=5
Total SpMM time over 5 iters = 760.437 ms
Average SpMM time per iter = 152.087 ms

==== SUMMARY ====
End-to-end          = 2544.69 ms
t_csr           = 203.849 ms
t_gpu_alloc     = 1131.5 ms
t_cpu_alloc     = 370.506 ms
t_h2d_ms     = 0.1128 ms
t_spmm_ms    = 760.437 ms
t_d2h_ms       = 22.1455 ms

===================================================================
Input matrix: ../../suitesparse_mats/small_matrices/sparsine/sparsine.mtx, K=16384, iters=5

=== SpMM full GPU (CSR resident) ===
Matrix: m=50000, n=50000, nnz=1548988, K=16384, iters=5
Total SpMM time over 5 iters = 760.571 ms
Average SpMM time per iter = 152.114 ms

==== SUMMARY ====
End-to-end          = 2546.86 ms
t_csr           = 204.44 ms
t_gpu_alloc     = 1133.02 ms
t_cpu_alloc     = 370.927 ms
t_h2d_ms     = 0.11296 ms
t_spmm_ms    = 760.571 ms
t_d2h_ms       = 22.1329 ms

===================================================================
Input matrix: ../../suitesparse_mats/small_matrices/sparsine/sparsine.mtx, K=16384, iters=5

=== SpMM full GPU (CSR resident) ===
Matrix: m=50000, n=50000, nnz=1548988, K=16384, iters=5
Total SpMM time over 5 iters = 760.275 ms
Average SpMM time per iter = 152.055 ms

==== SUMMARY ====
End-to-end          = 2532.79 ms
t_csr           = 204.297 ms
t_gpu_alloc     = 1127.76 ms
t_cpu_alloc     = 362.768 ms
t_h2d_ms     = 0.109504 ms
t_spmm_ms    = 760.275 ms
t_d2h_ms       = 22.1444 ms

===================================================================
Input matrix: ../../suitesparse_mats/small_matrices/sparsine/sparsine.mtx, K=16384, iters=5

=== SpMM full GPU (CSR resident) ===
Matrix: m=50000, n=50000, nnz=1548988, K=16384, iters=5
Total SpMM time over 5 iters = 760.304 ms
Average SpMM time per iter = 152.061 ms

==== SUMMARY ====
End-to-end          = 2554.31 ms
t_csr           = 204.475 ms
t_gpu_alloc     = 1141.92 ms
t_cpu_alloc     = 369.777 ms
t_h2d_ms     = 0.109856 ms
t_spmm_ms    = 760.304 ms
t_d2h_ms       = 22.1246 ms

