===================================================================
Input matrix: ../../suitesparse_mats/small_matrices/c-49/c-49.mtx, K=8192, iters=5

=== SpMM full GPU (CSR resident) ===
Matrix: m=21132, n=21132, nnz=157042, K=8192, iters=5
Total SpMM time over 5 iters = 26.345 ms
Average SpMM time per iter = 5.269 ms

==== SUMMARY ====
End-to-end          = 553.969 ms
t_csr           = 19.979 ms
t_gpu_alloc     = 410.312 ms
t_cpu_alloc     = 80.4241 ms
t_h2d_ms     = 0.057504 ms
t_spmm_ms    = 26.345 ms
t_d2h_ms       = 4.67859 ms

===================================================================
Input matrix: ../../suitesparse_mats/small_matrices/c-49/c-49.mtx, K=8192, iters=5

=== SpMM full GPU (CSR resident) ===
Matrix: m=21132, n=21132, nnz=157042, K=8192, iters=5
Total SpMM time over 5 iters = 26.2618 ms
Average SpMM time per iter = 5.25236 ms

==== SUMMARY ====
End-to-end          = 568.802 ms
t_csr           = 19.855 ms
t_gpu_alloc     = 424.399 ms
t_cpu_alloc     = 80.6231 ms
t_h2d_ms     = 0.054176 ms
t_spmm_ms    = 26.2618 ms
t_d2h_ms       = 4.67782 ms

===================================================================
Input matrix: ../../suitesparse_mats/small_matrices/c-49/c-49.mtx, K=8192, iters=5

=== SpMM full GPU (CSR resident) ===
Matrix: m=21132, n=21132, nnz=157042, K=8192, iters=5
Total SpMM time over 5 iters = 26.3079 ms
Average SpMM time per iter = 5.26158 ms

==== SUMMARY ====
End-to-end          = 556.809 ms
t_csr           = 19.9721 ms
t_gpu_alloc     = 411.893 ms
t_cpu_alloc     = 81.218 ms
t_h2d_ms     = 0.057056 ms
t_spmm_ms    = 26.3079 ms
t_d2h_ms       = 4.67571 ms

===================================================================
Input matrix: ../../suitesparse_mats/small_matrices/c-49/c-49.mtx, K=8192, iters=5

=== SpMM full GPU (CSR resident) ===
Matrix: m=21132, n=21132, nnz=157042, K=8192, iters=5
Total SpMM time over 5 iters = 26.2832 ms
Average SpMM time per iter = 5.25664 ms

==== SUMMARY ====
End-to-end          = 556.244 ms
t_csr           = 19.9511 ms
t_gpu_alloc     = 411.719 ms
t_cpu_alloc     = 80.868 ms
t_h2d_ms     = 0.06416 ms
t_spmm_ms    = 26.2832 ms
t_d2h_ms       = 4.67286 ms

===================================================================
Input matrix: ../../suitesparse_mats/small_matrices/c-49/c-49.mtx, K=8192, iters=5

=== SpMM full GPU (CSR resident) ===
Matrix: m=21132, n=21132, nnz=157042, K=8192, iters=5
Total SpMM time over 5 iters = 26.3461 ms
Average SpMM time per iter = 5.26922 ms

==== SUMMARY ====
End-to-end          = 555.771 ms
t_csr           = 19.9459 ms
t_gpu_alloc     = 411.401 ms
t_cpu_alloc     = 80.678 ms
t_h2d_ms     = 0.057088 ms
t_spmm_ms    = 26.3461 ms
t_d2h_ms       = 4.67526 ms

