===================================================================
Input matrix: ../../suitesparse_mats/small_matrices/usps_norm_5NN/usps_norm_5NN.mtx, K=2048, iters=5

=== SpMM full GPU (CSR resident) ===
Matrix: m=11000, n=11000, nnz=81112, K=2048, iters=5
Total SpMM time over 5 iters = 7.97795 ms
Average SpMM time per iter = 1.59559 ms

==== SUMMARY ====
End-to-end          = 291.62 ms
t_csr           = 10.433 ms
t_gpu_alloc     = 260.006 ms
t_cpu_alloc     = 9.92084 ms
t_h2d_ms     = 0.04992 ms
t_spmm_ms    = 7.97795 ms
t_d2h_ms       = 0.672096 ms

===================================================================
Input matrix: ../../suitesparse_mats/small_matrices/usps_norm_5NN/usps_norm_5NN.mtx, K=2048, iters=5

=== SpMM full GPU (CSR resident) ===
Matrix: m=11000, n=11000, nnz=81112, K=2048, iters=5
Total SpMM time over 5 iters = 7.9752 ms
Average SpMM time per iter = 1.59504 ms

==== SUMMARY ====
End-to-end          = 277.902 ms
t_csr           = 10.4911 ms
t_gpu_alloc     = 246.311 ms
t_cpu_alloc     = 9.88007 ms
t_h2d_ms     = 0.051936 ms
t_spmm_ms    = 7.9752 ms
t_d2h_ms       = 0.673248 ms

===================================================================
Input matrix: ../../suitesparse_mats/small_matrices/usps_norm_5NN/usps_norm_5NN.mtx, K=2048, iters=5

=== SpMM full GPU (CSR resident) ===
Matrix: m=11000, n=11000, nnz=81112, K=2048, iters=5
Total SpMM time over 5 iters = 7.94054 ms
Average SpMM time per iter = 1.58811 ms

==== SUMMARY ====
End-to-end          = 277.062 ms
t_csr           = 10.473 ms
t_gpu_alloc     = 245.443 ms
t_cpu_alloc     = 9.92918 ms
t_h2d_ms     = 0.049696 ms
t_spmm_ms    = 7.94054 ms
t_d2h_ms       = 0.674368 ms

===================================================================
Input matrix: ../../suitesparse_mats/small_matrices/usps_norm_5NN/usps_norm_5NN.mtx, K=2048, iters=5

=== SpMM full GPU (CSR resident) ===
Matrix: m=11000, n=11000, nnz=81112, K=2048, iters=5
Total SpMM time over 5 iters = 7.97478 ms
Average SpMM time per iter = 1.59496 ms

==== SUMMARY ====
End-to-end          = 283.827 ms
t_csr           = 10.493 ms
t_gpu_alloc     = 252.188 ms
t_cpu_alloc     = 9.86385 ms
t_h2d_ms     = 0.051776 ms
t_spmm_ms    = 7.97478 ms
t_d2h_ms       = 0.682144 ms

===================================================================
Input matrix: ../../suitesparse_mats/small_matrices/usps_norm_5NN/usps_norm_5NN.mtx, K=2048, iters=5

=== SpMM full GPU (CSR resident) ===
Matrix: m=11000, n=11000, nnz=81112, K=2048, iters=5
Total SpMM time over 5 iters = 7.9719 ms
Average SpMM time per iter = 1.59438 ms

==== SUMMARY ====
End-to-end          = 274.871 ms
t_csr           = 10.5009 ms
t_gpu_alloc     = 243.295 ms
t_cpu_alloc     = 9.87387 ms
t_h2d_ms     = 0.048864 ms
t_spmm_ms    = 7.9719 ms
t_d2h_ms       = 0.672704 ms

