===================================================================
Input matrix: ../../suitesparse_mats/small_matrices/usps_norm_5NN/usps_norm_5NN.mtx, K=4096, iters=5

=== SpMM full GPU (CSR resident) ===
Matrix: m=11000, n=11000, nnz=81112, K=4096, iters=5
Total SpMM time over 5 iters = 12.0487 ms
Average SpMM time per iter = 2.40975 ms

==== SUMMARY ====
End-to-end          = 317.035 ms
t_csr           = 10.488 ms
t_gpu_alloc     = 268.614 ms
t_cpu_alloc     = 20.35 ms
t_h2d_ms     = 0.04976 ms
t_spmm_ms    = 12.0487 ms
t_d2h_ms       = 1.26934 ms

===================================================================
Input matrix: ../../suitesparse_mats/small_matrices/usps_norm_5NN/usps_norm_5NN.mtx, K=4096, iters=5

=== SpMM full GPU (CSR resident) ===
Matrix: m=11000, n=11000, nnz=81112, K=4096, iters=5
Total SpMM time over 5 iters = 12.0684 ms
Average SpMM time per iter = 2.41369 ms

==== SUMMARY ====
End-to-end          = 323.105 ms
t_csr           = 10.473 ms
t_gpu_alloc     = 274.932 ms
t_cpu_alloc     = 20.3199 ms
t_h2d_ms     = 0.05792 ms
t_spmm_ms    = 12.0684 ms
t_d2h_ms       = 1.24685 ms

===================================================================
Input matrix: ../../suitesparse_mats/small_matrices/usps_norm_5NN/usps_norm_5NN.mtx, K=4096, iters=5

=== SpMM full GPU (CSR resident) ===
Matrix: m=11000, n=11000, nnz=81112, K=4096, iters=5
Total SpMM time over 5 iters = 11.982 ms
Average SpMM time per iter = 2.39641 ms

==== SUMMARY ====
End-to-end          = 315.128 ms
t_csr           = 10.474 ms
t_gpu_alloc     = 268.161 ms
t_cpu_alloc     = 19.4139 ms
t_h2d_ms     = 0.049888 ms
t_spmm_ms    = 11.982 ms
t_d2h_ms       = 1.24378 ms

===================================================================
Input matrix: ../../suitesparse_mats/small_matrices/usps_norm_5NN/usps_norm_5NN.mtx, K=4096, iters=5

=== SpMM full GPU (CSR resident) ===
Matrix: m=11000, n=11000, nnz=81112, K=4096, iters=5
Total SpMM time over 5 iters = 12.086 ms
Average SpMM time per iter = 2.41721 ms

==== SUMMARY ====
End-to-end          = 329.839 ms
t_csr           = 10.4878 ms
t_gpu_alloc     = 281.523 ms
t_cpu_alloc     = 20.293 ms
t_h2d_ms     = 0.049824 ms
t_spmm_ms    = 12.086 ms
t_d2h_ms       = 1.25178 ms

===================================================================
Input matrix: ../../suitesparse_mats/small_matrices/usps_norm_5NN/usps_norm_5NN.mtx, K=4096, iters=5

=== SpMM full GPU (CSR resident) ===
Matrix: m=11000, n=11000, nnz=81112, K=4096, iters=5
Total SpMM time over 5 iters = 12.0724 ms
Average SpMM time per iter = 2.41449 ms

==== SUMMARY ====
End-to-end          = 317.683 ms
t_csr           = 10.4821 ms
t_gpu_alloc     = 269.277 ms
t_cpu_alloc     = 20.335 ms
t_h2d_ms     = 0.0504 ms
t_spmm_ms    = 12.0724 ms
t_d2h_ms       = 1.24755 ms

