===================================================================
Input matrix: ../../suitesparse_mats/small_matrices/ch5-5-b3/ch5-5-b3.mtx, K=2048, iters=5

=== SpMM full GPU (CSR resident) ===
Matrix: m=600, n=600, nnz=2400, K=2048, iters=5
Total SpMM time over 5 iters = 3.84653 ms
Average SpMM time per iter = 0.769306 ms

==== SUMMARY ====
End-to-end          = 229.279 ms
t_csr           = 0.360012 ms
t_gpu_alloc     = 223.536 ms
t_cpu_alloc     = 0.539064 ms
t_h2d_ms     = 0.02672 ms
t_spmm_ms    = 3.84653 ms
t_d2h_ms       = 0.064256 ms

===================================================================
Input matrix: ../../suitesparse_mats/small_matrices/ch5-5-b3/ch5-5-b3.mtx, K=2048, iters=5

=== SpMM full GPU (CSR resident) ===
Matrix: m=600, n=600, nnz=2400, K=2048, iters=5
Total SpMM time over 5 iters = 3.85501 ms
Average SpMM time per iter = 0.771002 ms

==== SUMMARY ====
End-to-end          = 229.326 ms
t_csr           = 0.351906 ms
t_gpu_alloc     = 223.565 ms
t_cpu_alloc     = 0.576973 ms
t_h2d_ms     = 0.025728 ms
t_spmm_ms    = 3.85501 ms
t_d2h_ms       = 0.065248 ms

===================================================================
Input matrix: ../../suitesparse_mats/small_matrices/ch5-5-b3/ch5-5-b3.mtx, K=2048, iters=5

=== SpMM full GPU (CSR resident) ===
Matrix: m=600, n=600, nnz=2400, K=2048, iters=5
Total SpMM time over 5 iters = 3.86819 ms
Average SpMM time per iter = 0.773638 ms

==== SUMMARY ====
End-to-end          = 226.742 ms
t_csr           = 0.349045 ms
t_gpu_alloc     = 220.994 ms
t_cpu_alloc     = 0.545025 ms
t_h2d_ms     = 0.025728 ms
t_spmm_ms    = 3.86819 ms
t_d2h_ms       = 0.06384 ms

===================================================================
Input matrix: ../../suitesparse_mats/small_matrices/ch5-5-b3/ch5-5-b3.mtx, K=2048, iters=5

=== SpMM full GPU (CSR resident) ===
Matrix: m=600, n=600, nnz=2400, K=2048, iters=5
Total SpMM time over 5 iters = 3.84208 ms
Average SpMM time per iter = 0.768416 ms

==== SUMMARY ====
End-to-end          = 226.837 ms
t_csr           = 0.351906 ms
t_gpu_alloc     = 221.132 ms
t_cpu_alloc     = 0.535965 ms
t_h2d_ms     = 0.025632 ms
t_spmm_ms    = 3.84208 ms
t_d2h_ms       = 0.0624 ms

===================================================================
Input matrix: ../../suitesparse_mats/small_matrices/ch5-5-b3/ch5-5-b3.mtx, K=2048, iters=5

=== SpMM full GPU (CSR resident) ===
Matrix: m=600, n=600, nnz=2400, K=2048, iters=5
Total SpMM time over 5 iters = 3.85856 ms
Average SpMM time per iter = 0.771712 ms

==== SUMMARY ====
End-to-end          = 238.45 ms
t_csr           = 0.359058 ms
t_gpu_alloc     = 232.717 ms
t_cpu_alloc     = 0.544071 ms
t_h2d_ms     = 0.025824 ms
t_spmm_ms    = 3.85856 ms
t_d2h_ms       = 0.063968 ms

