===================================================================
Input matrix: ../../suitesparse_mats/small_matrices/scircuit/scircuit.mtx, K=16384, iters=5

=== SpMM full GPU (CSR resident) ===
Matrix: m=170998, n=170998, nnz=958936, K=16384, iters=5
Total SpMM time over 5 iters = 299.118 ms
Average SpMM time per iter = 59.8237 ms

==== SUMMARY ====
End-to-end          = 5349.56 ms
t_csr           = 250.017 ms
t_gpu_alloc     = 3325.29 ms
t_cpu_alloc     = 1225.13 ms
t_h2d_ms     = 0.088736 ms
t_spmm_ms    = 299.118 ms
t_d2h_ms       = 75.8868 ms

===================================================================
Input matrix: ../../suitesparse_mats/small_matrices/scircuit/scircuit.mtx, K=16384, iters=5

=== SpMM full GPU (CSR resident) ===
Matrix: m=170998, n=170998, nnz=958936, K=16384, iters=5
Total SpMM time over 5 iters = 299.152 ms
Average SpMM time per iter = 59.8305 ms

==== SUMMARY ====
End-to-end          = 5371.09 ms
t_csr           = 251.714 ms
t_gpu_alloc     = 3329.88 ms
t_cpu_alloc     = 1246.2 ms
t_h2d_ms     = 0.09408 ms
t_spmm_ms    = 299.152 ms
t_d2h_ms       = 75.8729 ms

===================================================================
Input matrix: ../../suitesparse_mats/small_matrices/scircuit/scircuit.mtx, K=16384, iters=5

=== SpMM full GPU (CSR resident) ===
Matrix: m=170998, n=170998, nnz=958936, K=16384, iters=5
Total SpMM time over 5 iters = 299.116 ms
Average SpMM time per iter = 59.8233 ms

==== SUMMARY ====
End-to-end          = 5364.36 ms
t_csr           = 250.991 ms
t_gpu_alloc     = 3325.45 ms
t_cpu_alloc     = 1240.05 ms
t_h2d_ms     = 0.095424 ms
t_spmm_ms    = 299.116 ms
t_d2h_ms       = 75.8641 ms

===================================================================
Input matrix: ../../suitesparse_mats/small_matrices/scircuit/scircuit.mtx, K=16384, iters=5

=== SpMM full GPU (CSR resident) ===
Matrix: m=170998, n=170998, nnz=958936, K=16384, iters=5
Total SpMM time over 5 iters = 299.057 ms
Average SpMM time per iter = 59.8114 ms

==== SUMMARY ====
End-to-end          = 5362.98 ms
t_csr           = 251.109 ms
t_gpu_alloc     = 3319.2 ms
t_cpu_alloc     = 1243.51 ms
t_h2d_ms     = 0.09888 ms
t_spmm_ms    = 299.057 ms
t_d2h_ms       = 75.888 ms

===================================================================
Input matrix: ../../suitesparse_mats/small_matrices/scircuit/scircuit.mtx, K=16384, iters=5

=== SpMM full GPU (CSR resident) ===
Matrix: m=170998, n=170998, nnz=958936, K=16384, iters=5
Total SpMM time over 5 iters = 299.174 ms
Average SpMM time per iter = 59.8348 ms

==== SUMMARY ====
End-to-end          = 5340.98 ms
t_csr           = 251.195 ms
t_gpu_alloc     = 3330.07 ms
t_cpu_alloc     = 1218.17 ms
t_h2d_ms     = 0.093408 ms
t_spmm_ms    = 299.174 ms
t_d2h_ms       = 75.8816 ms

