===================================================================
Input matrix: ../../suitesparse_mats/small_matrices/majorbasis/majorbasis.mtx, K=2048, iters=5

=== SpMM full GPU (CSR resident) ===
Matrix: m=160000, n=160000, nnz=1750416, K=2048, iters=5
Total SpMM time over 5 iters = 67.633 ms
Average SpMM time per iter = 13.5266 ms

==== SUMMARY ====
End-to-end          = 1204.56 ms
t_csr           = 346.256 ms
t_gpu_alloc     = 600.444 ms
t_cpu_alloc     = 154.127 ms
t_h2d_ms     = 0.119296 ms
t_spmm_ms    = 67.633 ms
t_d2h_ms       = 8.83197 ms

===================================================================
Input matrix: ../../suitesparse_mats/small_matrices/majorbasis/majorbasis.mtx, K=2048, iters=5

=== SpMM full GPU (CSR resident) ===
Matrix: m=160000, n=160000, nnz=1750416, K=2048, iters=5
Total SpMM time over 5 iters = 67.5799 ms
Average SpMM time per iter = 13.516 ms

==== SUMMARY ====
End-to-end          = 1192.76 ms
t_csr           = 348.083 ms
t_gpu_alloc     = 587.994 ms
t_cpu_alloc     = 153.452 ms
t_h2d_ms     = 0.119008 ms
t_spmm_ms    = 67.5799 ms
t_d2h_ms       = 8.83245 ms

===================================================================
Input matrix: ../../suitesparse_mats/small_matrices/majorbasis/majorbasis.mtx, K=2048, iters=5

=== SpMM full GPU (CSR resident) ===
Matrix: m=160000, n=160000, nnz=1750416, K=2048, iters=5
Total SpMM time over 5 iters = 67.6225 ms
Average SpMM time per iter = 13.5245 ms

==== SUMMARY ====
End-to-end          = 1190.84 ms
t_csr           = 348.354 ms
t_gpu_alloc     = 586.41 ms
t_cpu_alloc     = 153.067 ms
t_h2d_ms     = 0.120096 ms
t_spmm_ms    = 67.6225 ms
t_d2h_ms       = 8.8287 ms

===================================================================
Input matrix: ../../suitesparse_mats/small_matrices/majorbasis/majorbasis.mtx, K=2048, iters=5

=== SpMM full GPU (CSR resident) ===
Matrix: m=160000, n=160000, nnz=1750416, K=2048, iters=5
Total SpMM time over 5 iters = 67.6568 ms
Average SpMM time per iter = 13.5314 ms

==== SUMMARY ====
End-to-end          = 1188.18 ms
t_csr           = 347.364 ms
t_gpu_alloc     = 585.03 ms
t_cpu_alloc     = 153.406 ms
t_h2d_ms     = 0.12032 ms
t_spmm_ms    = 67.6568 ms
t_d2h_ms       = 8.83261 ms

===================================================================
Input matrix: ../../suitesparse_mats/small_matrices/majorbasis/majorbasis.mtx, K=2048, iters=5

=== SpMM full GPU (CSR resident) ===
Matrix: m=160000, n=160000, nnz=1750416, K=2048, iters=5
Total SpMM time over 5 iters = 67.6108 ms
Average SpMM time per iter = 13.5222 ms

==== SUMMARY ====
End-to-end          = 1202.72 ms
t_csr           = 348.247 ms
t_gpu_alloc     = 598.244 ms
t_cpu_alloc     = 152.667 ms
t_h2d_ms     = 0.120096 ms
t_spmm_ms    = 67.6108 ms
t_d2h_ms       = 8.83011 ms

