===================================================================
Input matrix: ../../suitesparse_mats/small_matrices/sparsine/sparsine.mtx, K=8192, iters=5

=== SpMM full GPU (CSR resident) ===
Matrix: m=50000, n=50000, nnz=1548988, K=8192, iters=5
Total SpMM time over 5 iters = 382.264 ms
Average SpMM time per iter = 76.4529 ms

==== SUMMARY ====
End-to-end          = 1502.28 ms
t_csr           = 207.688 ms
t_gpu_alloc     = 680.037 ms
t_cpu_alloc     = 189.593 ms
t_h2d_ms     = 0.110752 ms
t_spmm_ms    = 382.264 ms
t_d2h_ms       = 11.0242 ms

===================================================================
Input matrix: ../../suitesparse_mats/small_matrices/sparsine/sparsine.mtx, K=8192, iters=5

=== SpMM full GPU (CSR resident) ===
Matrix: m=50000, n=50000, nnz=1548988, K=8192, iters=5
Total SpMM time over 5 iters = 382.269 ms
Average SpMM time per iter = 76.4538 ms

==== SUMMARY ====
End-to-end          = 1483.44 ms
t_csr           = 203.722 ms
t_gpu_alloc     = 671.78 ms
t_cpu_alloc     = 184.413 ms
t_h2d_ms     = 0.107776 ms
t_spmm_ms    = 382.269 ms
t_d2h_ms       = 11.0256 ms

===================================================================
Input matrix: ../../suitesparse_mats/small_matrices/sparsine/sparsine.mtx, K=8192, iters=5

=== SpMM full GPU (CSR resident) ===
Matrix: m=50000, n=50000, nnz=1548988, K=8192, iters=5
Total SpMM time over 5 iters = 382.306 ms
Average SpMM time per iter = 76.4613 ms

==== SUMMARY ====
End-to-end          = 1490.9 ms
t_csr           = 203.65 ms
t_gpu_alloc     = 674.444 ms
t_cpu_alloc     = 188.812 ms
t_h2d_ms     = 0.112864 ms
t_spmm_ms    = 382.306 ms
t_d2h_ms       = 11.0261 ms

===================================================================
Input matrix: ../../suitesparse_mats/small_matrices/sparsine/sparsine.mtx, K=8192, iters=5

=== SpMM full GPU (CSR resident) ===
Matrix: m=50000, n=50000, nnz=1548988, K=8192, iters=5
Total SpMM time over 5 iters = 382.305 ms
Average SpMM time per iter = 76.4609 ms

==== SUMMARY ====
End-to-end          = 1484.97 ms
t_csr           = 203.921 ms
t_gpu_alloc     = 671.408 ms
t_cpu_alloc     = 184.962 ms
t_h2d_ms     = 0.11008 ms
t_spmm_ms    = 382.305 ms
t_d2h_ms       = 11.0253 ms

===================================================================
Input matrix: ../../suitesparse_mats/small_matrices/sparsine/sparsine.mtx, K=8192, iters=5

=== SpMM full GPU (CSR resident) ===
Matrix: m=50000, n=50000, nnz=1548988, K=8192, iters=5
Total SpMM time over 5 iters = 382.323 ms
Average SpMM time per iter = 76.4646 ms

==== SUMMARY ====
End-to-end          = 1491.56 ms
t_csr           = 203.92 ms
t_gpu_alloc     = 675.175 ms
t_cpu_alloc     = 188.634 ms
t_h2d_ms     = 0.1128 ms
t_spmm_ms    = 382.323 ms
t_d2h_ms       = 11.0278 ms

