===================================================================
Input matrix: ../../suitesparse_mats/small_matrices/usps_norm_5NN/usps_norm_5NN.mtx, K=8192, iters=5

=== SpMM full GPU (CSR resident) ===
Matrix: m=11000, n=11000, nnz=81112, K=8192, iters=5
Total SpMM time over 5 iters = 20.3318 ms
Average SpMM time per iter = 4.06636 ms

==== SUMMARY ====
End-to-end          = 401.74 ms
t_csr           = 10.5538 ms
t_gpu_alloc     = 318.84 ms
t_cpu_alloc     = 42.665 ms
t_h2d_ms     = 0.053408 ms
t_spmm_ms    = 20.3318 ms
t_d2h_ms       = 2.44902 ms

===================================================================
Input matrix: ../../suitesparse_mats/small_matrices/usps_norm_5NN/usps_norm_5NN.mtx, K=8192, iters=5

=== SpMM full GPU (CSR resident) ===
Matrix: m=11000, n=11000, nnz=81112, K=8192, iters=5
Total SpMM time over 5 iters = 20.3288 ms
Average SpMM time per iter = 4.06577 ms

==== SUMMARY ====
End-to-end          = 400.569 ms
t_csr           = 10.479 ms
t_gpu_alloc     = 318.284 ms
t_cpu_alloc     = 42.141 ms
t_h2d_ms     = 0.051456 ms
t_spmm_ms    = 20.3288 ms
t_d2h_ms       = 2.44947 ms

===================================================================
Input matrix: ../../suitesparse_mats/small_matrices/usps_norm_5NN/usps_norm_5NN.mtx, K=8192, iters=5

=== SpMM full GPU (CSR resident) ===
Matrix: m=11000, n=11000, nnz=81112, K=8192, iters=5
Total SpMM time over 5 iters = 20.3148 ms
Average SpMM time per iter = 4.06296 ms

==== SUMMARY ====
End-to-end          = 401.262 ms
t_csr           = 10.4842 ms
t_gpu_alloc     = 319.289 ms
t_cpu_alloc     = 41.8139 ms
t_h2d_ms     = 0.055648 ms
t_spmm_ms    = 20.3148 ms
t_d2h_ms       = 2.44781 ms

===================================================================
Input matrix: ../../suitesparse_mats/small_matrices/usps_norm_5NN/usps_norm_5NN.mtx, K=8192, iters=5

=== SpMM full GPU (CSR resident) ===
Matrix: m=11000, n=11000, nnz=81112, K=8192, iters=5
Total SpMM time over 5 iters = 20.3201 ms
Average SpMM time per iter = 4.06402 ms

==== SUMMARY ====
End-to-end          = 405.428 ms
t_csr           = 10.4721 ms
t_gpu_alloc     = 323.264 ms
t_cpu_alloc     = 41.996 ms
t_h2d_ms     = 0.050944 ms
t_spmm_ms    = 20.3201 ms
t_d2h_ms       = 2.45005 ms

===================================================================
Input matrix: ../../suitesparse_mats/small_matrices/usps_norm_5NN/usps_norm_5NN.mtx, K=8192, iters=5

=== SpMM full GPU (CSR resident) ===
Matrix: m=11000, n=11000, nnz=81112, K=8192, iters=5
Total SpMM time over 5 iters = 20.2935 ms
Average SpMM time per iter = 4.0587 ms

==== SUMMARY ====
End-to-end          = 414.269 ms
t_csr           = 10.4771 ms
t_gpu_alloc     = 332.331 ms
t_cpu_alloc     = 41.883 ms
t_h2d_ms     = 0.051616 ms
t_spmm_ms    = 20.2935 ms
t_d2h_ms       = 2.44774 ms

