===================================================================
Input matrix: ../../suitesparse_mats/small_matrices/c-45/c-45.mtx, K=8192, iters=5

=== SpMM full GPU (CSR resident) ===
Matrix: m=13206, n=13206, nnz=174452, K=8192, iters=5
Total SpMM time over 5 iters = 26.722 ms
Average SpMM time per iter = 5.34441 ms

==== SUMMARY ====
End-to-end          = 449.696 ms
t_csr           = 21.8649 ms
t_gpu_alloc     = 338.977 ms
t_cpu_alloc     = 50.806 ms
t_h2d_ms     = 0.059072 ms
t_spmm_ms    = 26.722 ms
t_d2h_ms       = 2.9409 ms

===================================================================
Input matrix: ../../suitesparse_mats/small_matrices/c-45/c-45.mtx, K=8192, iters=5

=== SpMM full GPU (CSR resident) ===
Matrix: m=13206, n=13206, nnz=174452, K=8192, iters=5
Total SpMM time over 5 iters = 26.7294 ms
Average SpMM time per iter = 5.34588 ms

==== SUMMARY ====
End-to-end          = 450.438 ms
t_csr           = 21.9672 ms
t_gpu_alloc     = 339.784 ms
t_cpu_alloc     = 50.4091 ms
t_h2d_ms     = 0.060416 ms
t_spmm_ms    = 26.7294 ms
t_d2h_ms       = 2.94518 ms

===================================================================
Input matrix: ../../suitesparse_mats/small_matrices/c-45/c-45.mtx, K=8192, iters=5

=== SpMM full GPU (CSR resident) ===
Matrix: m=13206, n=13206, nnz=174452, K=8192, iters=5
Total SpMM time over 5 iters = 26.8423 ms
Average SpMM time per iter = 5.36846 ms

==== SUMMARY ====
End-to-end          = 453.342 ms
t_csr           = 21.94 ms
t_gpu_alloc     = 342.728 ms
t_cpu_alloc     = 50.4 ms
t_h2d_ms     = 0.062464 ms
t_spmm_ms    = 26.8423 ms
t_d2h_ms       = 2.94659 ms

===================================================================
Input matrix: ../../suitesparse_mats/small_matrices/c-45/c-45.mtx, K=8192, iters=5

=== SpMM full GPU (CSR resident) ===
Matrix: m=13206, n=13206, nnz=174452, K=8192, iters=5
Total SpMM time over 5 iters = 26.7517 ms
Average SpMM time per iter = 5.35034 ms

==== SUMMARY ====
End-to-end          = 450.066 ms
t_csr           = 21.9371 ms
t_gpu_alloc     = 339.384 ms
t_cpu_alloc     = 50.5228 ms
t_h2d_ms     = 0.062368 ms
t_spmm_ms    = 26.7517 ms
t_d2h_ms       = 2.93946 ms

===================================================================
Input matrix: ../../suitesparse_mats/small_matrices/c-45/c-45.mtx, K=8192, iters=5

=== SpMM full GPU (CSR resident) ===
Matrix: m=13206, n=13206, nnz=174452, K=8192, iters=5
Total SpMM time over 5 iters = 26.7346 ms
Average SpMM time per iter = 5.34691 ms

==== SUMMARY ====
End-to-end          = 449.455 ms
t_csr           = 21.9419 ms
t_gpu_alloc     = 338.775 ms
t_cpu_alloc     = 50.617 ms
t_h2d_ms     = 0.0592 ms
t_spmm_ms    = 26.7346 ms
t_d2h_ms       = 2.94291 ms

