--- GPU Memory Usage ---
Total GPU Memory: 95.00 GB
Free GPU Memory:  94.45 GB
Used GPU Memory:  0.55 GB
------------------------

Process RSS:  130.39 GB

SPMM OVERLAP STREAM (FP64, CSR resident, K-tiled)
End2End=44481.7 ms
t_cpu_alloc=5422.71 ms
t_gpu_alloc=875.418 ms
t_h2d_ms=183.19 ms
t_d2h_ms=241.322 ms
t_spmm_ms=1905.78 ms

--- GPU Memory Usage ---
Total GPU Memory: 95.00 GB
Free GPU Memory:  94.45 GB
Used GPU Memory:  0.55 GB
------------------------

Process RSS:  130.39 GB

SPMM OVERLAP STREAM (FP64, CSR resident, K-tiled)
End2End=45287.8 ms
t_cpu_alloc=5440.91 ms
t_gpu_alloc=876.571 ms
t_h2d_ms=183.125 ms
t_d2h_ms=241.294 ms
t_spmm_ms=1907.51 ms

--- GPU Memory Usage ---
Total GPU Memory: 95.00 GB
Free GPU Memory:  94.45 GB
Used GPU Memory:  0.55 GB
------------------------

Process RSS:  130.39 GB

SPMM OVERLAP STREAM (FP64, CSR resident, K-tiled)
End2End=45125.6 ms
t_cpu_alloc=5432.75 ms
t_gpu_alloc=876.6 ms
t_h2d_ms=182.956 ms
t_d2h_ms=241.296 ms
t_spmm_ms=1906.47 ms

--- GPU Memory Usage ---
Total GPU Memory: 95.00 GB
Free GPU Memory:  94.46 GB
Used GPU Memory:  0.54 GB
------------------------

Process RSS:  130.39 GB

SPMM OVERLAP STREAM (FP64, CSR resident, K-tiled)
End2End=45187.5 ms
t_cpu_alloc=5498.27 ms
t_gpu_alloc=874.616 ms
t_h2d_ms=183.713 ms
t_d2h_ms=241.353 ms
t_spmm_ms=1906.85 ms

--- GPU Memory Usage ---
Total GPU Memory: 95.00 GB
Free GPU Memory:  94.45 GB
Used GPU Memory:  0.55 GB
------------------------

Process RSS:  130.39 GB

SPMM OVERLAP STREAM (FP64, CSR resident, K-tiled)
End2End=45120.4 ms
t_cpu_alloc=5513.06 ms
t_gpu_alloc=877.319 ms
t_h2d_ms=182.941 ms
t_d2h_ms=241.345 ms
t_spmm_ms=1906.61 ms

