--- GPU Memory Usage ---
Total GPU Memory: 95.00 GB
Free GPU Memory:  94.43 GB
Used GPU Memory:  0.57 GB
------------------------

Process RSS:  251.05 GB

SPMM OVERLAP STREAM (FP64, CSR resident, K-tiled)
End2End=12806 ms
t_cpu_alloc=10102.9 ms
t_gpu_alloc=148.467 ms
t_h2d_ms=515.52 ms
t_d2h_ms=567.631 ms
t_spmm_ms=374.233 ms

--- GPU Memory Usage ---
Total GPU Memory: 95.00 GB
Free GPU Memory:  94.43 GB
Used GPU Memory:  0.57 GB
------------------------

Process RSS:  251.05 GB

SPMM OVERLAP STREAM (FP64, CSR resident, K-tiled)
End2End=13076.8 ms
t_cpu_alloc=10365.2 ms
t_gpu_alloc=148.965 ms
t_h2d_ms=516.553 ms
t_d2h_ms=567.616 ms
t_spmm_ms=373.668 ms

--- GPU Memory Usage ---
Total GPU Memory: 95.00 GB
Free GPU Memory:  94.43 GB
Used GPU Memory:  0.57 GB
------------------------

Process RSS:  251.05 GB

SPMM OVERLAP STREAM (FP64, CSR resident, K-tiled)
End2End=13069.7 ms
t_cpu_alloc=10257.7 ms
t_gpu_alloc=149.095 ms
t_h2d_ms=516.025 ms
t_d2h_ms=567.751 ms
t_spmm_ms=373.856 ms

--- GPU Memory Usage ---
Total GPU Memory: 95.00 GB
Free GPU Memory:  94.43 GB
Used GPU Memory:  0.57 GB
------------------------

Process RSS:  251.05 GB

SPMM OVERLAP STREAM (FP64, CSR resident, K-tiled)
End2End=13012.1 ms
t_cpu_alloc=10276.9 ms
t_gpu_alloc=148.689 ms
t_h2d_ms=516.047 ms
t_d2h_ms=567.725 ms
t_spmm_ms=373.793 ms

--- GPU Memory Usage ---
Total GPU Memory: 95.00 GB
Free GPU Memory:  94.43 GB
Used GPU Memory:  0.57 GB
------------------------

Process RSS:  251.05 GB

SPMM OVERLAP STREAM (FP64, CSR resident, K-tiled)
End2End=13202.1 ms
t_cpu_alloc=10489 ms
t_gpu_alloc=148.865 ms
t_h2d_ms=515.338 ms
t_d2h_ms=567.551 ms
t_spmm_ms=373.875 ms

