--- GPU Memory Usage ---
Total GPU Memory: 95.00 GB
Free GPU Memory:  94.43 GB
Used GPU Memory:  0.57 GB
------------------------

Process RSS:  256.36 GB

SPMM OVERLAP STREAM (FP64, CSR resident, K-tiled)
End2End=16010.5 ms
t_cpu_alloc=10716.7 ms
t_gpu_alloc=1212.02 ms
t_h2d_ms=348.465 ms
t_d2h_ms=487.86 ms
t_spmm_ms=969.862 ms

--- GPU Memory Usage ---
Total GPU Memory: 95.00 GB
Free GPU Memory:  94.43 GB
Used GPU Memory:  0.57 GB
------------------------

Process RSS:  256.36 GB

SPMM OVERLAP STREAM (FP64, CSR resident, K-tiled)
End2End=15955 ms
t_cpu_alloc=10781.1 ms
t_gpu_alloc=1213.38 ms
t_h2d_ms=350.066 ms
t_d2h_ms=487.856 ms
t_spmm_ms=970.461 ms

--- GPU Memory Usage ---
Total GPU Memory: 95.00 GB
Free GPU Memory:  94.43 GB
Used GPU Memory:  0.57 GB
------------------------

Process RSS:  256.36 GB

SPMM OVERLAP STREAM (FP64, CSR resident, K-tiled)
End2End=15975 ms
t_cpu_alloc=10683 ms
t_gpu_alloc=1213.4 ms
t_h2d_ms=348.681 ms
t_d2h_ms=487.922 ms
t_spmm_ms=969.839 ms

--- GPU Memory Usage ---
Total GPU Memory: 95.00 GB
Free GPU Memory:  94.43 GB
Used GPU Memory:  0.57 GB
------------------------

Process RSS:  256.36 GB

SPMM OVERLAP STREAM (FP64, CSR resident, K-tiled)
End2End=15808.8 ms
t_cpu_alloc=10633.4 ms
t_gpu_alloc=1212.53 ms
t_h2d_ms=349.049 ms
t_d2h_ms=487.869 ms
t_spmm_ms=968.027 ms

--- GPU Memory Usage ---
Total GPU Memory: 95.00 GB
Free GPU Memory:  94.44 GB
Used GPU Memory:  0.56 GB
------------------------

Process RSS:  256.36 GB

SPMM OVERLAP STREAM (FP64, CSR resident, K-tiled)
End2End=15928 ms
t_cpu_alloc=10714.9 ms
t_gpu_alloc=1203.61 ms
t_h2d_ms=348.916 ms
t_d2h_ms=487.901 ms
t_spmm_ms=967.344 ms

