--- GPU Memory Usage ---
Total GPU Memory: 95.00 GB
Free GPU Memory:  94.42 GB
Used GPU Memory:  0.58 GB
------------------------

Process RSS:  128.36 GB

SPMM OVERLAP STREAM (FP64, CSR resident, K-tiled)
End2End=9458.09 ms
t_cpu_alloc=5383.05 ms
t_gpu_alloc=1207.96 ms
t_h2d_ms=177.878 ms
t_d2h_ms=243.585 ms
t_spmm_ms=485.978 ms

--- GPU Memory Usage ---
Total GPU Memory: 95.00 GB
Free GPU Memory:  94.43 GB
Used GPU Memory:  0.57 GB
------------------------

Process RSS:  128.36 GB

SPMM OVERLAP STREAM (FP64, CSR resident, K-tiled)
End2End=9351.02 ms
t_cpu_alloc=5338.41 ms
t_gpu_alloc=1206.9 ms
t_h2d_ms=177.097 ms
t_d2h_ms=243.571 ms
t_spmm_ms=486.048 ms

--- GPU Memory Usage ---
Total GPU Memory: 95.00 GB
Free GPU Memory:  94.42 GB
Used GPU Memory:  0.58 GB
------------------------

Process RSS:  128.36 GB

SPMM OVERLAP STREAM (FP64, CSR resident, K-tiled)
End2End=9642.95 ms
t_cpu_alloc=5536.07 ms
t_gpu_alloc=1214.79 ms
t_h2d_ms=177.295 ms
t_d2h_ms=243.574 ms
t_spmm_ms=486.049 ms

--- GPU Memory Usage ---
Total GPU Memory: 95.00 GB
Free GPU Memory:  94.42 GB
Used GPU Memory:  0.58 GB
------------------------

Process RSS:  128.36 GB

SPMM OVERLAP STREAM (FP64, CSR resident, K-tiled)
End2End=9460.31 ms
t_cpu_alloc=5394.79 ms
t_gpu_alloc=1217.06 ms
t_h2d_ms=178.153 ms
t_d2h_ms=243.532 ms
t_spmm_ms=486.069 ms

--- GPU Memory Usage ---
Total GPU Memory: 95.00 GB
Free GPU Memory:  94.43 GB
Used GPU Memory:  0.57 GB
------------------------

Process RSS:  128.36 GB

SPMM OVERLAP STREAM (FP64, CSR resident, K-tiled)
End2End=9526.76 ms
t_cpu_alloc=5483.53 ms
t_gpu_alloc=1203.95 ms
t_h2d_ms=177.446 ms
t_d2h_ms=243.562 ms
t_spmm_ms=485.787 ms

