--- GPU Memory Usage ---
Total GPU Memory: 95.00 GB
Free GPU Memory:  94.43 GB
Used GPU Memory:  0.57 GB
------------------------

Process RSS:  61.23 GB

SPMM OVERLAP STREAM (FP64, CSR resident, K-tiled)
End2End=3823.44 ms
t_cpu_alloc=2677.32 ms
t_gpu_alloc=149.844 ms
t_h2d_ms=126.905 ms
t_d2h_ms=138.152 ms
t_spmm_ms=93.6075 ms

--- GPU Memory Usage ---
Total GPU Memory: 95.00 GB
Free GPU Memory:  94.43 GB
Used GPU Memory:  0.57 GB
------------------------

Process RSS:  61.23 GB

SPMM OVERLAP STREAM (FP64, CSR resident, K-tiled)
End2End=3802.55 ms
t_cpu_alloc=2677.02 ms
t_gpu_alloc=149.399 ms
t_h2d_ms=127.125 ms
t_d2h_ms=138.312 ms
t_spmm_ms=93.7001 ms

--- GPU Memory Usage ---
Total GPU Memory: 95.00 GB
Free GPU Memory:  94.43 GB
Used GPU Memory:  0.57 GB
------------------------

Process RSS:  61.23 GB

SPMM OVERLAP STREAM (FP64, CSR resident, K-tiled)
End2End=3855.91 ms
t_cpu_alloc=2715.68 ms
t_gpu_alloc=149.238 ms
t_h2d_ms=126.96 ms
t_d2h_ms=138.248 ms
t_spmm_ms=93.7537 ms

--- GPU Memory Usage ---
Total GPU Memory: 95.00 GB
Free GPU Memory:  94.43 GB
Used GPU Memory:  0.57 GB
------------------------

Process RSS:  61.24 GB

SPMM OVERLAP STREAM (FP64, CSR resident, K-tiled)
End2End=3824.34 ms
t_cpu_alloc=2698.74 ms
t_gpu_alloc=149.677 ms
t_h2d_ms=127.229 ms
t_d2h_ms=138.227 ms
t_spmm_ms=93.6884 ms

--- GPU Memory Usage ---
Total GPU Memory: 95.00 GB
Free GPU Memory:  94.43 GB
Used GPU Memory:  0.57 GB
------------------------

Process RSS:  61.23 GB

SPMM OVERLAP STREAM (FP64, CSR resident, K-tiled)
End2End=3800.6 ms
t_cpu_alloc=2663.3 ms
t_gpu_alloc=149.211 ms
t_h2d_ms=127.016 ms
t_d2h_ms=138.338 ms
t_spmm_ms=93.6204 ms

