--- GPU Memory Usage ---
Total GPU Memory: 95.00 GB
Free GPU Memory:  94.45 GB
Used GPU Memory:  0.55 GB
------------------------

Process RSS:  256.95 GB

SPMM OVERLAP STREAM (FP64, CSR resident, K-tiled)
End2End=52758.8 ms
t_cpu_alloc=10485.1 ms
t_gpu_alloc=876.825 ms
t_h2d_ms=353.179 ms
t_d2h_ms=483.089 ms
t_spmm_ms=3808.46 ms

--- GPU Memory Usage ---
Total GPU Memory: 95.00 GB
Free GPU Memory:  94.46 GB
Used GPU Memory:  0.54 GB
------------------------

Process RSS:  256.95 GB

SPMM OVERLAP STREAM (FP64, CSR resident, K-tiled)
End2End=53006.9 ms
t_cpu_alloc=10672.5 ms
t_gpu_alloc=874.792 ms
t_h2d_ms=352.672 ms
t_d2h_ms=483.127 ms
t_spmm_ms=3811.01 ms

--- GPU Memory Usage ---
Total GPU Memory: 95.00 GB
Free GPU Memory:  94.45 GB
Used GPU Memory:  0.55 GB
------------------------

Process RSS:  256.95 GB

SPMM OVERLAP STREAM (FP64, CSR resident, K-tiled)
End2End=52822.7 ms
t_cpu_alloc=10531.3 ms
t_gpu_alloc=877.562 ms
t_h2d_ms=353.072 ms
t_d2h_ms=483.104 ms
t_spmm_ms=3809.74 ms

--- GPU Memory Usage ---
Total GPU Memory: 95.00 GB
Free GPU Memory:  94.45 GB
Used GPU Memory:  0.55 GB
------------------------

Process RSS:  256.95 GB

SPMM OVERLAP STREAM (FP64, CSR resident, K-tiled)
End2End=52894.6 ms
t_cpu_alloc=10549.8 ms
t_gpu_alloc=876.767 ms
t_h2d_ms=352.699 ms
t_d2h_ms=483.056 ms
t_spmm_ms=3808.26 ms

--- GPU Memory Usage ---
Total GPU Memory: 95.00 GB
Free GPU Memory:  94.46 GB
Used GPU Memory:  0.54 GB
------------------------

Process RSS:  256.95 GB

SPMM OVERLAP STREAM (FP64, CSR resident, K-tiled)
End2End=52755.7 ms
t_cpu_alloc=10436.3 ms
t_gpu_alloc=877.209 ms
t_h2d_ms=353.611 ms
t_d2h_ms=483.079 ms
t_spmm_ms=3809.56 ms

