--- GPU Memory Usage ---
Total GPU Memory: 95.00 GB
Free GPU Memory:  94.43 GB
Used GPU Memory:  0.57 GB
------------------------

Process RSS:  251.05 GB

SPMM OVERLAP STREAM (FP64, CSR resident, K-tiled)
End2End=13553.2 ms
t_cpu_alloc=10423.1 ms
t_gpu_alloc=575.486 ms
t_h2d_ms=512.469 ms
t_d2h_ms=565.124 ms
t_spmm_ms=369.005 ms

--- GPU Memory Usage ---
Total GPU Memory: 95.00 GB
Free GPU Memory:  94.43 GB
Used GPU Memory:  0.57 GB
------------------------

Process RSS:  251.05 GB

SPMM OVERLAP STREAM (FP64, CSR resident, K-tiled)
End2End=13421.8 ms
t_cpu_alloc=10326.6 ms
t_gpu_alloc=573.402 ms
t_h2d_ms=512.76 ms
t_d2h_ms=565.471 ms
t_spmm_ms=368.814 ms

--- GPU Memory Usage ---
Total GPU Memory: 95.00 GB
Free GPU Memory:  94.43 GB
Used GPU Memory:  0.57 GB
------------------------

Process RSS:  251.05 GB

SPMM OVERLAP STREAM (FP64, CSR resident, K-tiled)
End2End=13627.7 ms
t_cpu_alloc=10449.6 ms
t_gpu_alloc=575.604 ms
t_h2d_ms=512.105 ms
t_d2h_ms=565.359 ms
t_spmm_ms=368.851 ms

--- GPU Memory Usage ---
Total GPU Memory: 95.00 GB
Free GPU Memory:  94.44 GB
Used GPU Memory:  0.56 GB
------------------------

Process RSS:  251.05 GB

SPMM OVERLAP STREAM (FP64, CSR resident, K-tiled)
End2End=13567.6 ms
t_cpu_alloc=10442.7 ms
t_gpu_alloc=572.132 ms
t_h2d_ms=512.177 ms
t_d2h_ms=565.142 ms
t_spmm_ms=368.905 ms

--- GPU Memory Usage ---
Total GPU Memory: 95.00 GB
Free GPU Memory:  94.44 GB
Used GPU Memory:  0.56 GB
------------------------

Process RSS:  251.05 GB

SPMM OVERLAP STREAM (FP64, CSR resident, K-tiled)
End2End=13481 ms
t_cpu_alloc=10320.2 ms
t_gpu_alloc=572.843 ms
t_h2d_ms=512.536 ms
t_d2h_ms=565.388 ms
t_spmm_ms=368.902 ms

