--- GPU Memory Usage ---
Total GPU Memory: 95.00 GB
Free GPU Memory:  94.45 GB
Used GPU Memory:  0.55 GB
------------------------

Process RSS:  32.25 GB

SPMM OVERLAP STREAM (FP64, CSR resident, K-tiled)
End2End=2834.72 ms
t_cpu_alloc=1610.26 ms
t_gpu_alloc=159.627 ms
t_h2d_ms=46.6151 ms
t_d2h_ms=61.0251 ms
t_spmm_ms=113.272 ms

--- GPU Memory Usage ---
Total GPU Memory: 95.00 GB
Free GPU Memory:  94.44 GB
Used GPU Memory:  0.56 GB
------------------------

Process RSS:  32.25 GB

SPMM OVERLAP STREAM (FP64, CSR resident, K-tiled)
End2End=2731.24 ms
t_cpu_alloc=1506.51 ms
t_gpu_alloc=159.177 ms
t_h2d_ms=46.5502 ms
t_d2h_ms=61.0278 ms
t_spmm_ms=112.894 ms

--- GPU Memory Usage ---
Total GPU Memory: 95.00 GB
Free GPU Memory:  94.44 GB
Used GPU Memory:  0.56 GB
------------------------

Process RSS:  32.25 GB

SPMM OVERLAP STREAM (FP64, CSR resident, K-tiled)
End2End=2769.25 ms
t_cpu_alloc=1533.66 ms
t_gpu_alloc=159.095 ms
t_h2d_ms=46.6156 ms
t_d2h_ms=61.0448 ms
t_spmm_ms=113.608 ms

--- GPU Memory Usage ---
Total GPU Memory: 95.00 GB
Free GPU Memory:  94.44 GB
Used GPU Memory:  0.56 GB
------------------------

Process RSS:  32.25 GB

SPMM OVERLAP STREAM (FP64, CSR resident, K-tiled)
End2End=2753.87 ms
t_cpu_alloc=1520.73 ms
t_gpu_alloc=159.663 ms
t_h2d_ms=46.6093 ms
t_d2h_ms=61.0216 ms
t_spmm_ms=112.648 ms

--- GPU Memory Usage ---
Total GPU Memory: 95.00 GB
Free GPU Memory:  94.44 GB
Used GPU Memory:  0.56 GB
------------------------

Process RSS:  32.24 GB

SPMM OVERLAP STREAM (FP64, CSR resident, K-tiled)
End2End=2720.59 ms
t_cpu_alloc=1500.43 ms
t_gpu_alloc=158.416 ms
t_h2d_ms=46.4622 ms
t_d2h_ms=61.0057 ms
t_spmm_ms=113.087 ms

