--- GPU Memory Usage ---
Total GPU Memory: 95.00 GB
Free GPU Memory:  94.44 GB
Used GPU Memory:  0.56 GB
------------------------

Process RSS:  64.24 GB

SPMM OVERLAP STREAM (FP64, CSR resident, K-tiled)
End2End=4352.03 ms
t_cpu_alloc=2831.4 ms
t_gpu_alloc=159.311 ms
t_h2d_ms=90.1809 ms
t_d2h_ms=122.172 ms
t_spmm_ms=223.774 ms

--- GPU Memory Usage ---
Total GPU Memory: 95.00 GB
Free GPU Memory:  94.44 GB
Used GPU Memory:  0.56 GB
------------------------

Process RSS:  64.24 GB

SPMM OVERLAP STREAM (FP64, CSR resident, K-tiled)
End2End=4347.12 ms
t_cpu_alloc=2829.57 ms
t_gpu_alloc=159.517 ms
t_h2d_ms=90.2571 ms
t_d2h_ms=122.207 ms
t_spmm_ms=221.985 ms

--- GPU Memory Usage ---
Total GPU Memory: 95.00 GB
Free GPU Memory:  94.44 GB
Used GPU Memory:  0.56 GB
------------------------

Process RSS:  64.24 GB

SPMM OVERLAP STREAM (FP64, CSR resident, K-tiled)
End2End=4329.65 ms
t_cpu_alloc=2820.77 ms
t_gpu_alloc=159.062 ms
t_h2d_ms=90.4204 ms
t_d2h_ms=122.205 ms
t_spmm_ms=222.819 ms

--- GPU Memory Usage ---
Total GPU Memory: 95.00 GB
Free GPU Memory:  94.44 GB
Used GPU Memory:  0.56 GB
------------------------

Process RSS:  64.24 GB

SPMM OVERLAP STREAM (FP64, CSR resident, K-tiled)
End2End=4294.21 ms
t_cpu_alloc=2782.75 ms
t_gpu_alloc=159.667 ms
t_h2d_ms=90.6316 ms
t_d2h_ms=122.129 ms
t_spmm_ms=222.612 ms

--- GPU Memory Usage ---
Total GPU Memory: 95.00 GB
Free GPU Memory:  94.44 GB
Used GPU Memory:  0.56 GB
------------------------

Process RSS:  64.24 GB

SPMM OVERLAP STREAM (FP64, CSR resident, K-tiled)
End2End=4284.71 ms
t_cpu_alloc=2776.57 ms
t_gpu_alloc=158.463 ms
t_h2d_ms=90.5106 ms
t_d2h_ms=122.189 ms
t_spmm_ms=223.725 ms

