tile_k= 600
--- GPU Memory Usage ---
Total GPU Memory: 95.00 GB
Free GPU Memory:  94.43 GB
Used GPU Memory:  0.57 GB
------------------------

Process RSS:  0.14 GB
CSR self-check: PASSED (A*I == A numerically)

SPMM OVERLAP STREAM (FP64, CSR resident, K-tiled)
End2End=6.44207 ms
t_cpu_alloc=0.470161 ms
t_gpu_alloc=1.51396 ms
t_h2d_ms=0.0562807 ms
t_d2h_ms=0.021472 ms
t_spmm_ms=3.69702 ms

tile_k= 600
--- GPU Memory Usage ---
Total GPU Memory: 95.00 GB
Free GPU Memory:  94.43 GB
Used GPU Memory:  0.57 GB
------------------------

Process RSS:  0.14 GB
CSR self-check: PASSED (A*I == A numerically)

SPMM OVERLAP STREAM (FP64, CSR resident, K-tiled)
End2End=6.4671 ms
t_cpu_alloc=0.473976 ms
t_gpu_alloc=1.53899 ms
t_h2d_ms=0.0553847 ms
t_d2h_ms=0.021344 ms
t_spmm_ms=3.69261 ms

tile_k= 600
--- GPU Memory Usage ---
Total GPU Memory: 95.00 GB
Free GPU Memory:  94.43 GB
Used GPU Memory:  0.57 GB
------------------------

Process RSS:  0.14 GB
CSR self-check: PASSED (A*I == A numerically)

SPMM OVERLAP STREAM (FP64, CSR resident, K-tiled)
End2End=6.49095 ms
t_cpu_alloc=0.492096 ms
t_gpu_alloc=1.53899 ms
t_h2d_ms=0.0547511 ms
t_d2h_ms=0.020896 ms
t_spmm_ms=3.69101 ms

tile_k= 600
--- GPU Memory Usage ---
Total GPU Memory: 95.00 GB
Free GPU Memory:  94.43 GB
Used GPU Memory:  0.57 GB
------------------------

Process RSS:  0.14 GB
CSR self-check: PASSED (A*I == A numerically)

SPMM OVERLAP STREAM (FP64, CSR resident, K-tiled)
End2End=6.43802 ms
t_cpu_alloc=0.48089 ms
t_gpu_alloc=1.51706 ms
t_h2d_ms=0.0568504 ms
t_d2h_ms=0.022048 ms
t_spmm_ms=3.68701 ms

tile_k= 600
--- GPU Memory Usage ---
Total GPU Memory: 95.00 GB
Free GPU Memory:  94.43 GB
Used GPU Memory:  0.57 GB
------------------------

Process RSS:  0.14 GB
CSR self-check: PASSED (A*I == A numerically)

SPMM OVERLAP STREAM (FP64, CSR resident, K-tiled)
End2End=6.40702 ms
t_cpu_alloc=0.470877 ms
t_gpu_alloc=1.48106 ms
t_h2d_ms=0.0565944 ms
t_d2h_ms=0.021056 ms
t_spmm_ms=3.69325 ms

