--- GPU Memory Usage ---
Total GPU Memory: 95.00 GB
Free GPU Memory:  94.44 GB
Used GPU Memory:  0.56 GB
------------------------

Process RSS:  128.24 GB

SPMM OVERLAP STREAM (FP64, CSR resident, K-tiled)
End2End=7928.45 ms
t_cpu_alloc=5402.12 ms
t_gpu_alloc=603.38 ms
t_h2d_ms=175.856 ms
t_d2h_ms=243.978 ms
t_spmm_ms=440 ms

--- GPU Memory Usage ---
Total GPU Memory: 95.00 GB
Free GPU Memory:  94.44 GB
Used GPU Memory:  0.56 GB
------------------------

Process RSS:  128.24 GB

SPMM OVERLAP STREAM (FP64, CSR resident, K-tiled)
End2End=7949.5 ms
t_cpu_alloc=5424.3 ms
t_gpu_alloc=603.014 ms
t_h2d_ms=176.22 ms
t_d2h_ms=244.015 ms
t_spmm_ms=440.281 ms

--- GPU Memory Usage ---
Total GPU Memory: 95.00 GB
Free GPU Memory:  94.44 GB
Used GPU Memory:  0.56 GB
------------------------

Process RSS:  128.24 GB

SPMM OVERLAP STREAM (FP64, CSR resident, K-tiled)
End2End=7969.39 ms
t_cpu_alloc=5469.63 ms
t_gpu_alloc=604.158 ms
t_h2d_ms=176.654 ms
t_d2h_ms=243.979 ms
t_spmm_ms=439.763 ms

--- GPU Memory Usage ---
Total GPU Memory: 95.00 GB
Free GPU Memory:  94.44 GB
Used GPU Memory:  0.56 GB
------------------------

Process RSS:  128.24 GB

SPMM OVERLAP STREAM (FP64, CSR resident, K-tiled)
End2End=7857.65 ms
t_cpu_alloc=5320.22 ms
t_gpu_alloc=604.785 ms
t_h2d_ms=176.849 ms
t_d2h_ms=243.975 ms
t_spmm_ms=439.864 ms

--- GPU Memory Usage ---
Total GPU Memory: 95.00 GB
Free GPU Memory:  94.45 GB
Used GPU Memory:  0.55 GB
------------------------

Process RSS:  128.24 GB

SPMM OVERLAP STREAM (FP64, CSR resident, K-tiled)
End2End=7925.89 ms
t_cpu_alloc=5369.88 ms
t_gpu_alloc=606.431 ms
t_h2d_ms=176.539 ms
t_d2h_ms=243.931 ms
t_spmm_ms=439.942 ms

