tile_k= 18808
--- GPU Memory Usage ---
Total GPU Memory: 95.00 GB
Free GPU Memory:  94.43 GB
Used GPU Memory:  0.57 GB
------------------------

Process RSS:  0.16 GB

SPMM OVERLAP STREAM (FP64, CSR resident, K-tiled)
End2End=25544.8 ms
t_cpu_alloc=15443.1 ms
t_gpu_alloc=6651.64 ms
t_h2d_ms=593.519 ms
t_d2h_ms=775.135 ms
t_spmm_ms=1075.14 ms

tile_k= 18808
--- GPU Memory Usage ---
Total GPU Memory: 95.00 GB
Free GPU Memory:  94.43 GB
Used GPU Memory:  0.57 GB
------------------------

Process RSS:  0.16 GB

SPMM OVERLAP STREAM (FP64, CSR resident, K-tiled)
End2End=25585.8 ms
t_cpu_alloc=15523.3 ms
t_gpu_alloc=6657.4 ms
t_h2d_ms=587.711 ms
t_d2h_ms=774.111 ms
t_spmm_ms=1075.07 ms

tile_k= 18808
--- GPU Memory Usage ---
Total GPU Memory: 95.00 GB
Free GPU Memory:  94.43 GB
Used GPU Memory:  0.57 GB
------------------------

Process RSS:  0.16 GB

SPMM OVERLAP STREAM (FP64, CSR resident, K-tiled)
End2End=25636.7 ms
t_cpu_alloc=15540.7 ms
t_gpu_alloc=6686.38 ms
t_h2d_ms=591.495 ms
t_d2h_ms=774.45 ms
t_spmm_ms=1075.14 ms

tile_k= 18809
--- GPU Memory Usage ---
Total GPU Memory: 95.00 GB
Free GPU Memory:  94.43 GB
Used GPU Memory:  0.57 GB
------------------------

Process RSS:  0.16 GB

SPMM OVERLAP STREAM (FP64, CSR resident, K-tiled)
End2End=25559.2 ms
t_cpu_alloc=15368.4 ms
t_gpu_alloc=6665.96 ms
t_h2d_ms=587.147 ms
t_d2h_ms=774.197 ms
t_spmm_ms=1075.07 ms

tile_k= 18809
--- GPU Memory Usage ---
Total GPU Memory: 95.00 GB
Free GPU Memory:  94.43 GB
Used GPU Memory:  0.57 GB
------------------------

Process RSS:  0.16 GB

SPMM OVERLAP STREAM (FP64, CSR resident, K-tiled)
End2End=25698.6 ms
t_cpu_alloc=15530.7 ms
t_gpu_alloc=6666.59 ms
t_h2d_ms=593.42 ms
t_d2h_ms=775.308 ms
t_spmm_ms=1075 ms

