--- GPU Memory Usage ---
Total GPU Memory: 95.00 GB
Free GPU Memory:  94.41 GB
Used GPU Memory:  0.59 GB
------------------------

Process RSS:  64.36 GB

SPMM OVERLAP STREAM (FP64, CSR resident, K-tiled)
End2End=5517.04 ms
t_cpu_alloc=2929.11 ms
t_gpu_alloc=318.22 ms
t_h2d_ms=91.6683 ms
t_d2h_ms=122.084 ms
t_spmm_ms=246.95 ms

--- GPU Memory Usage ---
Total GPU Memory: 95.00 GB
Free GPU Memory:  94.41 GB
Used GPU Memory:  0.59 GB
------------------------

Process RSS:  64.36 GB

SPMM OVERLAP STREAM (FP64, CSR resident, K-tiled)
End2End=5379.54 ms
t_cpu_alloc=2813.22 ms
t_gpu_alloc=318.525 ms
t_h2d_ms=91.8247 ms
t_d2h_ms=122.119 ms
t_spmm_ms=246.653 ms

--- GPU Memory Usage ---
Total GPU Memory: 95.00 GB
Free GPU Memory:  94.41 GB
Used GPU Memory:  0.59 GB
------------------------

Process RSS:  64.36 GB

SPMM OVERLAP STREAM (FP64, CSR resident, K-tiled)
End2End=5426.03 ms
t_cpu_alloc=2865.45 ms
t_gpu_alloc=316.301 ms
t_h2d_ms=91.2461 ms
t_d2h_ms=122.081 ms
t_spmm_ms=246.413 ms

--- GPU Memory Usage ---
Total GPU Memory: 95.00 GB
Free GPU Memory:  94.42 GB
Used GPU Memory:  0.58 GB
------------------------

Process RSS:  64.36 GB

SPMM OVERLAP STREAM (FP64, CSR resident, K-tiled)
End2End=5405.07 ms
t_cpu_alloc=2838.42 ms
t_gpu_alloc=318.271 ms
t_h2d_ms=91.2133 ms
t_d2h_ms=122.104 ms
t_spmm_ms=246.157 ms

--- GPU Memory Usage ---
Total GPU Memory: 95.00 GB
Free GPU Memory:  94.41 GB
Used GPU Memory:  0.59 GB
------------------------

Process RSS:  64.36 GB

SPMM OVERLAP STREAM (FP64, CSR resident, K-tiled)
End2End=5489.07 ms
t_cpu_alloc=2900.9 ms
t_gpu_alloc=317.642 ms
t_h2d_ms=91.2084 ms
t_d2h_ms=122.112 ms
t_spmm_ms=247.032 ms

