--- GPU Memory Usage ---
Total GPU Memory: 95.00 GB
Free GPU Memory:  15.14 GB
Used GPU Memory:  79.86 GB
------------------------

Process RSS:  526.42 GB

SPMM OVERLAP STREAM (FP64, CSR resident, K-tiled)
End2End=33337.5 ms
t_cpu_alloc=26450 ms
t_gpu_alloc=319.374 ms
t_h2d_ms=714.444 ms
t_d2h_ms=985.113 ms
t_spmm_ms=2053.64 ms

--- GPU Memory Usage ---
Total GPU Memory: 95.00 GB
Free GPU Memory:  14.80 GB
Used GPU Memory:  80.20 GB
------------------------

Process RSS:  526.42 GB

SPMM OVERLAP STREAM (FP64, CSR resident, K-tiled)
End2End=33418.3 ms
t_cpu_alloc=26708.4 ms
t_gpu_alloc=317.777 ms
t_h2d_ms=712.672 ms
t_d2h_ms=984.77 ms
t_spmm_ms=2024.61 ms

--- GPU Memory Usage ---
Total GPU Memory: 95.00 GB
Free GPU Memory:  14.96 GB
Used GPU Memory:  80.04 GB
------------------------

Process RSS:  526.42 GB

SPMM OVERLAP STREAM (FP64, CSR resident, K-tiled)
End2End=33594.3 ms
t_cpu_alloc=26663.4 ms
t_gpu_alloc=318.729 ms
t_h2d_ms=717.269 ms
t_d2h_ms=985.132 ms
t_spmm_ms=2042.49 ms

--- GPU Memory Usage ---
Total GPU Memory: 95.00 GB
Free GPU Memory:  15.01 GB
Used GPU Memory:  79.99 GB
------------------------

Process RSS:  526.42 GB

SPMM OVERLAP STREAM (FP64, CSR resident, K-tiled)
End2End=33201.4 ms
t_cpu_alloc=26415.4 ms
t_gpu_alloc=319.226 ms
t_h2d_ms=713.28 ms
t_d2h_ms=985.046 ms
t_spmm_ms=2046.71 ms

--- GPU Memory Usage ---
Total GPU Memory: 95.00 GB
Free GPU Memory:  15.13 GB
Used GPU Memory:  79.87 GB
------------------------

Process RSS:  526.42 GB

SPMM OVERLAP STREAM (FP64, CSR resident, K-tiled)
End2End=33460.2 ms
t_cpu_alloc=26638.9 ms
t_gpu_alloc=316.401 ms
t_h2d_ms=715.71 ms
t_d2h_ms=985.216 ms
t_spmm_ms=2059.38 ms

