--- GPU Memory Usage ---
Total GPU Memory: 95.00 GB
Free GPU Memory:  94.44 GB
Used GPU Memory:  0.56 GB
------------------------

Process RSS:  30.71 GB

SPMM OVERLAP STREAM (FP64, CSR resident, K-tiled)
End2End=3422.43 ms
t_cpu_alloc=2111.87 ms
t_gpu_alloc=575.805 ms
t_h2d_ms=61.3919 ms
t_d2h_ms=67.2673 ms
t_spmm_ms=47.5106 ms

--- GPU Memory Usage ---
Total GPU Memory: 95.00 GB
Free GPU Memory:  94.43 GB
Used GPU Memory:  0.57 GB
------------------------

Process RSS:  30.71 GB

SPMM OVERLAP STREAM (FP64, CSR resident, K-tiled)
End2End=3379.44 ms
t_cpu_alloc=2079.9 ms
t_gpu_alloc=572.785 ms
t_h2d_ms=61.2212 ms
t_d2h_ms=67.1785 ms
t_spmm_ms=47.4629 ms

--- GPU Memory Usage ---
Total GPU Memory: 95.00 GB
Free GPU Memory:  94.43 GB
Used GPU Memory:  0.57 GB
------------------------

Process RSS:  30.71 GB

SPMM OVERLAP STREAM (FP64, CSR resident, K-tiled)
End2End=3408.56 ms
t_cpu_alloc=2100.2 ms
t_gpu_alloc=573.269 ms
t_h2d_ms=61.1828 ms
t_d2h_ms=67.0948 ms
t_spmm_ms=47.5016 ms

--- GPU Memory Usage ---
Total GPU Memory: 95.00 GB
Free GPU Memory:  94.44 GB
Used GPU Memory:  0.56 GB
------------------------

Process RSS:  30.71 GB

SPMM OVERLAP STREAM (FP64, CSR resident, K-tiled)
End2End=3410.7 ms
t_cpu_alloc=2098.28 ms
t_gpu_alloc=575.645 ms
t_h2d_ms=61.1314 ms
t_d2h_ms=67.1465 ms
t_spmm_ms=47.5162 ms

--- GPU Memory Usage ---
Total GPU Memory: 95.00 GB
Free GPU Memory:  94.44 GB
Used GPU Memory:  0.56 GB
------------------------

Process RSS:  30.71 GB

SPMM OVERLAP STREAM (FP64, CSR resident, K-tiled)
End2End=3378.51 ms
t_cpu_alloc=2083.13 ms
t_gpu_alloc=573.187 ms
t_h2d_ms=61.1715 ms
t_d2h_ms=67.1297 ms
t_spmm_ms=47.4349 ms

