--- GPU Memory Usage ---
Total GPU Memory: 95.00 GB
Free GPU Memory:  94.44 GB
Used GPU Memory:  0.56 GB
------------------------

Process RSS:  64.24 GB

SPMM OVERLAP STREAM (FP64, CSR resident, K-tiled)
End2End=4747.06 ms
t_cpu_alloc=2774.79 ms
t_gpu_alloc=604.113 ms
t_h2d_ms=90.1413 ms
t_d2h_ms=121.653 ms
t_spmm_ms=220.79 ms

--- GPU Memory Usage ---
Total GPU Memory: 95.00 GB
Free GPU Memory:  94.44 GB
Used GPU Memory:  0.56 GB
------------------------

Process RSS:  64.24 GB

SPMM OVERLAP STREAM (FP64, CSR resident, K-tiled)
End2End=4818.3 ms
t_cpu_alloc=2838.97 ms
t_gpu_alloc=603.618 ms
t_h2d_ms=89.918 ms
t_d2h_ms=121.671 ms
t_spmm_ms=221.327 ms

--- GPU Memory Usage ---
Total GPU Memory: 95.00 GB
Free GPU Memory:  94.44 GB
Used GPU Memory:  0.56 GB
------------------------

Process RSS:  64.24 GB

SPMM OVERLAP STREAM (FP64, CSR resident, K-tiled)
End2End=4796.1 ms
t_cpu_alloc=2814.69 ms
t_gpu_alloc=606.165 ms
t_h2d_ms=90.2601 ms
t_d2h_ms=121.669 ms
t_spmm_ms=221.045 ms

--- GPU Memory Usage ---
Total GPU Memory: 95.00 GB
Free GPU Memory:  94.44 GB
Used GPU Memory:  0.56 GB
------------------------

Process RSS:  64.24 GB

SPMM OVERLAP STREAM (FP64, CSR resident, K-tiled)
End2End=4772.09 ms
t_cpu_alloc=2801.11 ms
t_gpu_alloc=603.265 ms
t_h2d_ms=90.0949 ms
t_d2h_ms=121.647 ms
t_spmm_ms=221.567 ms

--- GPU Memory Usage ---
Total GPU Memory: 95.00 GB
Free GPU Memory:  94.44 GB
Used GPU Memory:  0.56 GB
------------------------

Process RSS:  64.24 GB

SPMM OVERLAP STREAM (FP64, CSR resident, K-tiled)
End2End=4779.24 ms
t_cpu_alloc=2814.6 ms
t_gpu_alloc=604.171 ms
t_h2d_ms=90.165 ms
t_d2h_ms=121.667 ms
t_spmm_ms=220.874 ms

