--- GPU Memory Usage ---
Total GPU Memory: 95.00 GB
Free GPU Memory:  94.41 GB
Used GPU Memory:  0.59 GB
------------------------

Process RSS:  64.36 GB

SPMM OVERLAP STREAM (FP64, CSR resident, K-tiled)
End2End=6322.43 ms
t_cpu_alloc=2821.61 ms
t_gpu_alloc=1213.57 ms
t_h2d_ms=90.9956 ms
t_d2h_ms=121.399 ms
t_spmm_ms=244.479 ms

--- GPU Memory Usage ---
Total GPU Memory: 95.00 GB
Free GPU Memory:  94.41 GB
Used GPU Memory:  0.59 GB
------------------------

Process RSS:  64.36 GB

SPMM OVERLAP STREAM (FP64, CSR resident, K-tiled)
End2End=6393.78 ms
t_cpu_alloc=2912.6 ms
t_gpu_alloc=1204.42 ms
t_h2d_ms=91.0375 ms
t_d2h_ms=121.399 ms
t_spmm_ms=244.002 ms

--- GPU Memory Usage ---
Total GPU Memory: 95.00 GB
Free GPU Memory:  94.41 GB
Used GPU Memory:  0.59 GB
------------------------

Process RSS:  64.36 GB

SPMM OVERLAP STREAM (FP64, CSR resident, K-tiled)
End2End=6328.52 ms
t_cpu_alloc=2833.18 ms
t_gpu_alloc=1211.44 ms
t_h2d_ms=91.1753 ms
t_d2h_ms=121.418 ms
t_spmm_ms=243.791 ms

--- GPU Memory Usage ---
Total GPU Memory: 95.00 GB
Free GPU Memory:  94.41 GB
Used GPU Memory:  0.59 GB
------------------------

Process RSS:  64.36 GB

SPMM OVERLAP STREAM (FP64, CSR resident, K-tiled)
End2End=6428.39 ms
t_cpu_alloc=2916.43 ms
t_gpu_alloc=1211.01 ms
t_h2d_ms=91.0611 ms
t_d2h_ms=121.387 ms
t_spmm_ms=244.038 ms

--- GPU Memory Usage ---
Total GPU Memory: 95.00 GB
Free GPU Memory:  94.41 GB
Used GPU Memory:  0.59 GB
------------------------

Process RSS:  64.36 GB

SPMM OVERLAP STREAM (FP64, CSR resident, K-tiled)
End2End=6356.95 ms
t_cpu_alloc=2859.53 ms
t_gpu_alloc=1206.32 ms
t_h2d_ms=90.6344 ms
t_d2h_ms=121.352 ms
t_spmm_ms=243.815 ms

