--- GPU Memory Usage ---
Total GPU Memory: 95.00 GB
Free GPU Memory:  94.44 GB
Used GPU Memory:  0.56 GB
------------------------

Process RSS:  128.24 GB

SPMM OVERLAP STREAM (FP64, CSR resident, K-tiled)
End2End=7384.17 ms
t_cpu_alloc=5316.64 ms
t_gpu_alloc=159.053 ms
t_h2d_ms=176.858 ms
t_d2h_ms=244.598 ms
t_spmm_ms=442.618 ms

--- GPU Memory Usage ---
Total GPU Memory: 95.00 GB
Free GPU Memory:  94.44 GB
Used GPU Memory:  0.56 GB
------------------------

Process RSS:  128.24 GB

SPMM OVERLAP STREAM (FP64, CSR resident, K-tiled)
End2End=7393.21 ms
t_cpu_alloc=5344.56 ms
t_gpu_alloc=159.969 ms
t_h2d_ms=176.783 ms
t_d2h_ms=244.607 ms
t_spmm_ms=441.72 ms

--- GPU Memory Usage ---
Total GPU Memory: 95.00 GB
Free GPU Memory:  94.44 GB
Used GPU Memory:  0.56 GB
------------------------

Process RSS:  128.24 GB

SPMM OVERLAP STREAM (FP64, CSR resident, K-tiled)
End2End=7457.14 ms
t_cpu_alloc=5369.1 ms
t_gpu_alloc=159.559 ms
t_h2d_ms=176.987 ms
t_d2h_ms=244.436 ms
t_spmm_ms=444.37 ms

--- GPU Memory Usage ---
Total GPU Memory: 95.00 GB
Free GPU Memory:  94.44 GB
Used GPU Memory:  0.56 GB
------------------------

Process RSS:  128.24 GB

SPMM OVERLAP STREAM (FP64, CSR resident, K-tiled)
End2End=7520.27 ms
t_cpu_alloc=5448.55 ms
t_gpu_alloc=158.444 ms
t_h2d_ms=177.028 ms
t_d2h_ms=244.633 ms
t_spmm_ms=440.411 ms

--- GPU Memory Usage ---
Total GPU Memory: 95.00 GB
Free GPU Memory:  94.44 GB
Used GPU Memory:  0.56 GB
------------------------

Process RSS:  128.24 GB

SPMM OVERLAP STREAM (FP64, CSR resident, K-tiled)
End2End=7437.93 ms
t_cpu_alloc=5373.19 ms
t_gpu_alloc=159.079 ms
t_h2d_ms=177.116 ms
t_d2h_ms=244.637 ms
t_spmm_ms=442.555 ms

